TN:
SF:src\index.ts
FN:51,fetchOAuthToken
FN:106,(anonymous_10)
FN:119,(anonymous_11)
FN:138,(anonymous_12)
FN:168,(anonymous_13)
FN:173,(anonymous_14)
FN:186,(anonymous_15)
FN:214,(anonymous_16)
FN:215,(anonymous_17)
FN:215,(anonymous_18)
FN:255,(anonymous_19)
FN:255,(anonymous_20)
FN:450,(anonymous_21)
FN:456,(anonymous_23)
FN:456,(anonymous_24)
FN:516,(anonymous_25)
FN:543,(anonymous_26)
FN:552,(anonymous_28)
FN:552,(anonymous_29)
FN:557,(anonymous_30)
FN:557,(anonymous_31)
FN:563,(anonymous_32)
FN:572,(anonymous_33)
FNF:23
FNH:1
FNDA:4,fetchOAuthToken
FNDA:0,(anonymous_10)
FNDA:0,(anonymous_11)
FNDA:0,(anonymous_12)
FNDA:0,(anonymous_13)
FNDA:0,(anonymous_14)
FNDA:0,(anonymous_15)
FNDA:0,(anonymous_16)
FNDA:0,(anonymous_17)
FNDA:0,(anonymous_18)
FNDA:0,(anonymous_19)
FNDA:0,(anonymous_20)
FNDA:0,(anonymous_21)
FNDA:0,(anonymous_23)
FNDA:0,(anonymous_24)
FNDA:0,(anonymous_25)
FNDA:0,(anonymous_26)
FNDA:0,(anonymous_28)
FNDA:0,(anonymous_29)
FNDA:0,(anonymous_30)
FNDA:0,(anonymous_31)
FNDA:0,(anonymous_32)
FNDA:0,(anonymous_33)
DA:3,1
DA:4,1
DA:5,1
DA:6,1
DA:12,1
DA:13,1
DA:14,1
DA:15,1
DA:16,1
DA:17,1
DA:18,1
DA:19,1
DA:20,1
DA:21,1
DA:22,1
DA:23,1
DA:24,1
DA:25,1
DA:26,1
DA:27,1
DA:28,1
DA:29,1
DA:30,1
DA:31,1
DA:32,1
DA:33,1
DA:34,1
DA:35,1
DA:36,1
DA:37,1
DA:38,1
DA:39,1
DA:41,1
DA:51,1
DA:52,4
DA:53,4
DA:54,4
DA:55,4
DA:57,4
DA:65,3
DA:66,2
DA:67,2
DA:70,1
DA:73,1
DA:100,0
DA:107,0
DA:119,0
DA:120,0
DA:121,0
DA:124,0
DA:125,0
DA:126,0
DA:128,0
DA:135,0
DA:138,0
DA:139,0
DA:140,0
DA:141,0
DA:142,0
DA:143,0
DA:144,0
DA:145,0
DA:146,0
DA:147,0
DA:148,0
DA:149,0
DA:150,0
DA:151,0
DA:152,0
DA:153,0
DA:154,0
DA:155,0
DA:156,0
DA:157,0
DA:158,0
DA:159,0
DA:160,0
DA:161,0
DA:162,0
DA:165,0
DA:169,0
DA:170,0
DA:174,0
DA:179,0
DA:187,0
DA:188,0
DA:190,0
DA:191,0
DA:202,0
DA:215,0
DA:216,0
DA:255,0
DA:256,0
DA:259,0
DA:263,0
DA:264,0
DA:280,0
DA:281,0
DA:284,0
DA:285,0
DA:291,0
DA:292,0
DA:295,0
DA:296,0
DA:311,0
DA:312,0
DA:315,0
DA:316,0
DA:318,0
DA:319,0
DA:323,0
DA:324,0
DA:328,0
DA:329,0
DA:332,0
DA:333,0
DA:341,0
DA:342,0
DA:347,0
DA:348,0
DA:352,0
DA:353,0
DA:364,0
DA:365,0
DA:370,0
DA:371,0
DA:375,0
DA:376,0
DA:379,0
DA:380,0
DA:383,0
DA:384,0
DA:398,0
DA:399,0
DA:403,0
DA:404,0
DA:415,0
DA:416,0
DA:426,0
DA:427,0
DA:431,0
DA:432,0
DA:434,0
DA:435,0
DA:437,0
DA:438,0
DA:440,0
DA:443,0
DA:445,0
DA:451,0
DA:452,0
DA:453,0
DA:456,0
DA:457,0
DA:459,0
DA:461,0
DA:462,0
DA:463,0
DA:464,0
DA:465,0
DA:466,0
DA:469,0
DA:483,0
DA:484,0
DA:485,0
DA:487,0
DA:488,0
DA:489,0
DA:490,0
DA:497,0
DA:498,0
DA:500,0
DA:504,0
DA:505,0
DA:506,0
DA:513,0
DA:516,0
DA:517,0
DA:518,0
DA:519,0
DA:520,0
DA:521,0
DA:522,0
DA:523,0
DA:524,0
DA:525,0
DA:526,0
DA:527,0
DA:528,0
DA:529,0
DA:530,0
DA:531,0
DA:532,0
DA:533,0
DA:534,0
DA:535,0
DA:536,0
DA:537,0
DA:538,0
DA:539,0
DA:540,0
DA:544,0
DA:545,0
DA:547,0
DA:548,0
DA:549,0
DA:552,0
DA:553,0
DA:554,0
DA:557,0
DA:558,0
DA:559,0
DA:563,0
DA:564,0
DA:570,1
DA:571,0
DA:572,0
DA:573,0
DA:574,0
LF:219
LH:45
BRDA:65,0,0,2
BRDA:120,1,0,0
BRDA:174,2,0,0
BRDA:174,2,1,0
BRDA:187,3,0,0
BRDA:190,4,0,0
BRDA:259,5,0,0
BRDA:259,5,1,0
BRDA:259,5,2,0
BRDA:259,5,3,0
BRDA:259,5,4,0
BRDA:259,5,5,0
BRDA:259,5,6,0
BRDA:259,5,7,0
BRDA:259,5,8,0
BRDA:259,5,9,0
BRDA:259,5,10,0
BRDA:259,5,11,0
BRDA:259,5,12,0
BRDA:259,5,13,0
BRDA:259,5,14,0
BRDA:259,5,15,0
BRDA:259,5,16,0
BRDA:259,5,17,0
BRDA:259,5,18,0
BRDA:259,5,19,0
BRDA:259,5,20,0
BRDA:259,5,21,0
BRDA:259,5,22,0
BRDA:259,5,23,0
BRDA:259,5,24,0
BRDA:259,5,25,0
BRDA:259,5,26,0
BRDA:259,5,27,0
BRDA:259,5,28,0
BRDA:259,5,29,0
BRDA:259,5,30,0
BRDA:259,5,31,0
BRDA:259,5,32,0
BRDA:259,5,33,0
BRDA:259,5,34,0
BRDA:259,5,35,0
BRDA:259,5,36,0
BRDA:259,5,37,0
BRDA:259,5,38,0
BRDA:259,5,39,0
BRDA:259,5,40,0
BRDA:259,5,41,0
BRDA:259,5,42,0
BRDA:259,5,43,0
BRDA:259,5,44,0
BRDA:259,5,45,0
BRDA:259,5,46,0
BRDA:259,5,47,0
BRDA:259,5,48,0
BRDA:259,5,49,0
BRDA:259,5,50,0
BRDA:259,5,51,0
BRDA:259,5,52,0
BRDA:259,5,53,0
BRDA:259,5,54,0
BRDA:259,5,55,0
BRDA:259,5,56,0
BRDA:259,5,57,0
BRDA:259,5,58,0
BRDA:259,5,59,0
BRDA:259,5,60,0
BRDA:259,5,61,0
BRDA:259,5,62,0
BRDA:259,5,63,0
BRDA:259,5,64,0
BRDA:259,5,65,0
BRDA:259,5,66,0
BRDA:259,5,67,0
BRDA:259,5,68,0
BRDA:259,5,69,0
BRDA:259,5,70,0
BRDA:259,5,71,0
BRDA:259,5,72,0
BRDA:259,5,73,0
BRDA:259,5,74,0
BRDA:259,5,75,0
BRDA:259,5,76,0
BRDA:259,5,77,0
BRDA:259,5,78,0
BRDA:259,5,79,0
BRDA:259,5,80,0
BRDA:259,5,81,0
BRDA:259,5,82,0
BRDA:259,5,83,0
BRDA:259,5,84,0
BRDA:259,5,85,0
BRDA:259,5,86,0
BRDA:259,5,87,0
BRDA:259,5,88,0
BRDA:259,5,89,0
BRDA:259,5,90,0
BRDA:259,5,91,0
BRDA:259,5,92,0
BRDA:259,5,93,0
BRDA:259,5,94,0
BRDA:259,5,95,0
BRDA:259,5,96,0
BRDA:259,5,97,0
BRDA:259,5,98,0
BRDA:259,5,99,0
BRDA:259,5,100,0
BRDA:259,5,101,0
BRDA:259,5,102,0
BRDA:259,5,103,0
BRDA:259,5,104,0
BRDA:259,5,105,0
BRDA:259,5,106,0
BRDA:259,5,107,0
BRDA:259,5,108,0
BRDA:259,5,109,0
BRDA:259,5,110,0
BRDA:259,5,111,0
BRDA:259,5,112,0
BRDA:259,5,113,0
BRDA:259,5,114,0
BRDA:259,5,115,0
BRDA:259,5,116,0
BRDA:259,5,117,0
BRDA:259,5,118,0
BRDA:259,5,119,0
BRDA:259,5,120,0
BRDA:259,5,121,0
BRDA:259,5,122,0
BRDA:259,5,123,0
BRDA:259,5,124,0
BRDA:259,5,125,0
BRDA:259,5,126,0
BRDA:259,5,127,0
BRDA:451,6,0,0
BRDA:451,6,1,0
BRDA:451,7,0,0
BRDA:451,7,1,0
BRDA:451,7,2,0
BRDA:457,8,0,0
BRDA:457,9,0,0
BRDA:457,9,1,0
BRDA:457,9,2,0
BRDA:488,10,0,0
BRDA:488,10,1,0
BRDA:488,11,0,0
BRDA:488,11,1,0
BRDA:549,12,0,0
BRDA:549,12,1,0
BRDA:570,13,0,0
BRF:150
BRH:1
end_of_record
TN:
SF:src\handlers\AtcHandlers.ts
FN:8,(anonymous_7)
FN:169,(anonymous_8)
FN:196,(anonymous_10)
FN:221,(anonymous_12)
FN:246,(anonymous_14)
FN:271,(anonymous_16)
FN:296,(anonymous_18)
FN:321,(anonymous_20)
FN:346,(anonymous_22)
FN:371,(anonymous_24)
FN:396,(anonymous_26)
FN:421,(anonymous_28)
FNF:12
FNH:0
FNDA:0,(anonymous_7)
FNDA:0,(anonymous_8)
FNDA:0,(anonymous_10)
FNDA:0,(anonymous_12)
FNDA:0,(anonymous_14)
FNDA:0,(anonymous_16)
FNDA:0,(anonymous_18)
FNDA:0,(anonymous_20)
FNDA:0,(anonymous_22)
FNDA:0,(anonymous_24)
FNDA:0,(anonymous_26)
FNDA:0,(anonymous_28)
DA:2,1
DA:5,1
DA:7,1
DA:9,0
DA:170,0
DA:172,0
DA:174,0
DA:176,0
DA:178,0
DA:180,0
DA:182,0
DA:184,0
DA:186,0
DA:188,0
DA:190,0
DA:192,0
DA:197,0
DA:198,0
DA:199,0
DA:200,0
DA:201,0
DA:213,0
DA:214,0
DA:222,0
DA:223,0
DA:224,0
DA:225,0
DA:226,0
DA:238,0
DA:239,0
DA:247,0
DA:248,0
DA:249,0
DA:250,0
DA:251,0
DA:263,0
DA:264,0
DA:272,0
DA:273,0
DA:274,0
DA:275,0
DA:276,0
DA:288,0
DA:289,0
DA:297,0
DA:298,0
DA:299,0
DA:300,0
DA:301,0
DA:313,0
DA:314,0
DA:322,0
DA:323,0
DA:324,0
DA:325,0
DA:326,0
DA:338,0
DA:339,0
DA:347,0
DA:348,0
DA:349,0
DA:350,0
DA:351,0
DA:363,0
DA:364,0
DA:372,0
DA:373,0
DA:374,0
DA:375,0
DA:376,0
DA:388,0
DA:389,0
DA:397,0
DA:398,0
DA:399,0
DA:400,0
DA:401,0
DA:413,0
DA:414,0
DA:422,0
DA:423,0
DA:424,0
DA:425,0
DA:426,0
DA:438,0
DA:439,0
LF:86
LH:3
BRDA:170,0,0,0
BRDA:170,0,1,0
BRDA:170,0,2,0
BRDA:170,0,3,0
BRDA:170,0,4,0
BRDA:170,0,5,0
BRDA:170,0,6,0
BRDA:170,0,7,0
BRDA:170,0,8,0
BRDA:170,0,9,0
BRDA:170,0,10,0
BRDA:216,1,0,0
BRDA:216,1,1,0
BRDA:241,2,0,0
BRDA:241,2,1,0
BRDA:266,3,0,0
BRDA:266,3,1,0
BRDA:274,4,0,0
BRDA:274,4,1,0
BRDA:274,5,0,0
BRDA:274,5,1,0
BRDA:291,6,0,0
BRDA:291,6,1,0
BRDA:316,7,0,0
BRDA:316,7,1,0
BRDA:341,8,0,0
BRDA:341,8,1,0
BRDA:366,9,0,0
BRDA:366,9,1,0
BRDA:391,10,0,0
BRDA:391,10,1,0
BRDA:416,11,0,0
BRDA:416,11,1,0
BRDA:441,12,0,0
BRDA:441,12,1,0
BRF:35
BRH:0
end_of_record
TN:
SF:src\handlers\AuthHandlers.ts
FN:9,(anonymous_7)
FN:14,(anonymous_8)
FN:43,(anonymous_9)
FN:56,(anonymous_11)
FN:114,(anonymous_13)
FN:136,(anonymous_15)
FNF:6
FNH:0
FNDA:0,(anonymous_7)
FNDA:0,(anonymous_8)
FNDA:0,(anonymous_9)
FNDA:0,(anonymous_11)
FNDA:0,(anonymous_13)
FNDA:0,(anonymous_15)
DA:1,1
DA:2,1
DA:6,1
DA:10,0
DA:11,0
DA:15,0
DA:44,0
DA:46,0
DA:48,0
DA:50,0
DA:52,0
DA:57,0
DA:58,0
DA:59,0
DA:60,0
DA:61,0
DA:62,0
DA:63,0
DA:64,0
DA:73,0
DA:74,0
DA:75,0
DA:76,0
DA:81,0
DA:82,0
DA:93,0
DA:94,0
DA:95,0
DA:96,0
DA:97,0
DA:106,0
DA:107,0
DA:115,0
DA:116,0
DA:117,0
DA:118,0
DA:119,0
DA:128,0
DA:129,0
DA:137,0
DA:138,0
DA:139,0
DA:140,0
DA:141,0
DA:150,0
DA:151,0
LF:46
LH:3
BRDA:44,0,0,0
BRDA:44,0,1,0
BRDA:44,0,2,0
BRDA:44,0,3,0
BRDA:57,1,0,0
BRDA:74,2,0,0
BRDA:74,3,0,0
BRDA:74,3,1,0
BRDA:74,3,2,0
BRDA:78,4,0,0
BRDA:78,4,1,0
BRDA:109,5,0,0
BRDA:109,5,1,0
BRDA:131,6,0,0
BRDA:131,6,1,0
BRDA:153,7,0,0
BRDA:153,7,1,0
BRF:17
BRH:0
end_of_record
TN:
SF:src\handlers\BaseHandler.ts
FN:7,(anonymous_0)
FN:23,(anonymous_1)
FN:27,(anonymous_2)
FN:45,(anonymous_3)
FN:60,(anonymous_4)
FNF:5
FNH:1
FNDA:1,(anonymous_0)
FNDA:0,(anonymous_1)
FNDA:0,(anonymous_2)
FNDA:0,(anonymous_3)
FNDA:0,(anonymous_4)
DA:3,1
DA:4,1
DA:5,1
DA:7,1
DA:8,1
DA:9,1
DA:12,1
DA:14,0
DA:15,0
DA:16,0
DA:24,0
DA:28,0
DA:29,0
DA:30,0
DA:32,0
DA:33,0
DA:35,0
DA:38,0
DA:46,0
DA:47,0
DA:49,0
DA:50,0
DA:51,0
DA:57,0
DA:61,0
LF:25
LH:7
BRDA:7,0,0,1
BRDA:7,0,1,1
BRDA:32,1,0,0
BRDA:32,1,1,0
BRDA:47,2,0,0
BRDA:47,2,1,0
BRDA:49,3,0,0
BRDA:63,4,0,0
BRDA:63,4,1,0
BRF:9
BRH:2
end_of_record
TN:
SF:src\handlers\ClassHandlers.ts
FN:7,(anonymous_7)
FN:63,(anonymous_8)
FN:76,(anonymous_10)
FN:101,(anonymous_12)
FN:126,(anonymous_14)
FNF:5
FNH:0
FNDA:0,(anonymous_7)
FNDA:0,(anonymous_8)
FNDA:0,(anonymous_10)
FNDA:0,(anonymous_12)
FNDA:0,(anonymous_14)
DA:1,1
DA:2,1
DA:4,1
DA:6,1
DA:8,0
DA:64,0
DA:66,0
DA:68,0
DA:70,0
DA:72,0
DA:77,0
DA:78,0
DA:79,0
DA:80,0
DA:81,0
DA:93,0
DA:94,0
DA:102,0
DA:103,0
DA:104,0
DA:105,0
DA:106,0
DA:118,0
DA:119,0
DA:127,0
DA:128,0
DA:129,0
DA:134,0
DA:135,0
DA:147,0
DA:148,0
LF:31
LH:4
BRDA:64,0,0,0
BRDA:64,0,1,0
BRDA:64,0,2,0
BRDA:64,0,3,0
BRDA:96,1,0,0
BRDA:96,1,1,0
BRDA:121,2,0,0
BRDA:121,2,1,0
BRDA:150,3,0,0
BRDA:150,3,1,0
BRF:10
BRH:0
end_of_record
TN:
SF:src\handlers\CodeAnalysisHandlers.ts
FN:7,(anonymous_7)
FN:195,(anonymous_8)
FN:229,(anonymous_10)
FN:253,(anonymous_12)
FN:278,(anonymous_14)
FN:308,(anonymous_16)
FN:341,(anonymous_18)
FN:370,(anonymous_20)
FN:395,(anonymous_22)
FN:420,(anonymous_24)
FN:445,(anonymous_26)
FN:470,(anonymous_28)
FN:495,(anonymous_30)
FN:520,(anonymous_32)
FN:545,(anonymous_34)
FN:570,(anonymous_36)
FNF:16
FNH:0
FNDA:0,(anonymous_7)
FNDA:0,(anonymous_8)
FNDA:0,(anonymous_10)
FNDA:0,(anonymous_12)
FNDA:0,(anonymous_14)
FNDA:0,(anonymous_16)
FNDA:0,(anonymous_18)
FNDA:0,(anonymous_20)
FNDA:0,(anonymous_22)
FNDA:0,(anonymous_24)
FNDA:0,(anonymous_26)
FNDA:0,(anonymous_28)
FNDA:0,(anonymous_30)
FNDA:0,(anonymous_32)
FNDA:0,(anonymous_34)
FNDA:0,(anonymous_36)
DA:1,1
DA:2,1
DA:6,1
DA:8,0
DA:196,0
DA:198,0
DA:200,0
DA:202,0
DA:204,0
DA:206,0
DA:208,0
DA:210,0
DA:212,0
DA:214,0
DA:216,0
DA:218,0
DA:220,0
DA:222,0
DA:224,0
DA:226,0
DA:230,0
DA:231,0
DA:232,0
DA:233,0
DA:234,0
DA:246,0
DA:247,0
DA:254,0
DA:255,0
DA:256,0
DA:257,0
DA:258,0
DA:270,0
DA:271,0
DA:279,0
DA:280,0
DA:281,0
DA:287,0
DA:288,0
DA:300,0
DA:301,0
DA:309,0
DA:310,0
DA:311,0
DA:320,0
DA:321,0
DA:333,0
DA:334,0
DA:342,0
DA:343,0
DA:344,0
DA:349,0
DA:350,0
DA:362,0
DA:363,0
DA:371,0
DA:372,0
DA:373,0
DA:374,0
DA:375,0
DA:387,0
DA:388,0
DA:396,0
DA:397,0
DA:398,0
DA:399,0
DA:400,0
DA:412,0
DA:413,0
DA:421,0
DA:422,0
DA:423,0
DA:424,0
DA:425,0
DA:437,0
DA:438,0
DA:446,0
DA:447,0
DA:448,0
DA:449,0
DA:450,0
DA:462,0
DA:463,0
DA:471,0
DA:472,0
DA:473,0
DA:474,0
DA:475,0
DA:487,0
DA:488,0
DA:496,0
DA:497,0
DA:498,0
DA:499,0
DA:500,0
DA:512,0
DA:513,0
DA:521,0
DA:522,0
DA:523,0
DA:524,0
DA:525,0
DA:537,0
DA:538,0
DA:546,0
DA:547,0
DA:548,0
DA:549,0
DA:550,0
DA:562,0
DA:563,0
DA:571,0
DA:572,0
DA:573,0
DA:574,0
DA:575,0
DA:587,0
DA:588,0
LF:118
LH:3
BRDA:196,0,0,0
BRDA:196,0,1,0
BRDA:196,0,2,0
BRDA:196,0,3,0
BRDA:196,0,4,0
BRDA:196,0,5,0
BRDA:196,0,6,0
BRDA:196,0,7,0
BRDA:196,0,8,0
BRDA:196,0,9,0
BRDA:196,0,10,0
BRDA:196,0,11,0
BRDA:196,0,12,0
BRDA:196,0,13,0
BRDA:196,0,14,0
BRDA:249,1,0,0
BRDA:249,1,1,0
BRDA:256,2,0,0
BRDA:256,2,1,0
BRDA:256,3,0,0
BRDA:256,3,1,0
BRDA:256,4,0,0
BRDA:256,4,1,0
BRDA:256,5,0,0
BRDA:256,5,1,0
BRDA:256,6,0,0
BRDA:256,6,1,0
BRDA:256,7,0,0
BRDA:256,7,1,0
BRDA:256,8,0,0
BRDA:256,8,1,0
BRDA:256,9,0,0
BRDA:256,9,1,0
BRDA:273,10,0,0
BRDA:273,10,1,0
BRDA:303,11,0,0
BRDA:303,11,1,0
BRDA:336,12,0,0
BRDA:336,12,1,0
BRDA:365,13,0,0
BRDA:365,13,1,0
BRDA:390,14,0,0
BRDA:390,14,1,0
BRDA:415,15,0,0
BRDA:415,15,1,0
BRDA:440,16,0,0
BRDA:440,16,1,0
BRDA:465,17,0,0
BRDA:465,17,1,0
BRDA:490,18,0,0
BRDA:490,18,1,0
BRDA:515,19,0,0
BRDA:515,19,1,0
BRDA:540,20,0,0
BRDA:540,20,1,0
BRDA:565,21,0,0
BRDA:565,21,1,0
BRDA:590,22,0,0
BRDA:590,22,1,0
BRF:59
BRH:0
end_of_record
TN:
SF:src\handlers\DdicHandlers.ts
FN:7,(anonymous_7)
FN:82,(anonymous_8)
FN:97,(anonymous_10)
FN:122,(anonymous_12)
FN:152,(anonymous_14)
FN:177,(anonymous_16)
FNF:6
FNH:0
FNDA:0,(anonymous_7)
FNDA:0,(anonymous_8)
FNDA:0,(anonymous_10)
FNDA:0,(anonymous_12)
FNDA:0,(anonymous_14)
FNDA:0,(anonymous_16)
DA:1,1
DA:2,1
DA:6,1
DA:8,0
DA:83,0
DA:85,0
DA:87,0
DA:89,0
DA:91,0
DA:93,0
DA:98,0
DA:99,0
DA:100,0
DA:101,0
DA:102,0
DA:114,0
DA:115,0
DA:123,0
DA:124,0
DA:125,0
DA:131,0
DA:132,0
DA:144,0
DA:145,0
DA:153,0
DA:154,0
DA:155,0
DA:156,0
DA:157,0
DA:169,0
DA:170,0
DA:178,0
DA:179,0
DA:180,0
DA:181,0
DA:182,0
DA:194,0
DA:195,0
LF:38
LH:3
BRDA:83,0,0,0
BRDA:83,0,1,0
BRDA:83,0,2,0
BRDA:83,0,3,0
BRDA:83,0,4,0
BRDA:117,1,0,0
BRDA:117,1,1,0
BRDA:147,2,0,0
BRDA:147,2,1,0
BRDA:172,3,0,0
BRDA:172,3,1,0
BRDA:197,4,0,0
BRDA:197,4,1,0
BRF:13
BRH:0
end_of_record
TN:
SF:src\handlers\DebugHandlers.ts
FN:7,(anonymous_7)
FN:328,(anonymous_8)
FN:361,(anonymous_10)
FN:392,(anonymous_12)
FN:424,(anonymous_14)
FN:454,(anonymous_16)
FN:490,(anonymous_18)
FN:522,(anonymous_20)
FN:552,(anonymous_22)
FN:577,(anonymous_24)
FN:602,(anonymous_26)
FN:627,(anonymous_28)
FN:652,(anonymous_30)
FN:677,(anonymous_32)
FN:702,(anonymous_34)
FNF:15
FNH:0
FNDA:0,(anonymous_7)
FNDA:0,(anonymous_8)
FNDA:0,(anonymous_10)
FNDA:0,(anonymous_12)
FNDA:0,(anonymous_14)
FNDA:0,(anonymous_16)
FNDA:0,(anonymous_18)
FNDA:0,(anonymous_20)
FNDA:0,(anonymous_22)
FNDA:0,(anonymous_24)
FNDA:0,(anonymous_26)
FNDA:0,(anonymous_28)
FNDA:0,(anonymous_30)
FNDA:0,(anonymous_32)
FNDA:0,(anonymous_34)
DA:1,1
DA:2,1
DA:6,1
DA:8,0
DA:329,0
DA:331,0
DA:333,0
DA:335,0
DA:337,0
DA:339,0
DA:341,0
DA:343,0
DA:345,0
DA:347,0
DA:349,0
DA:351,0
DA:353,0
DA:355,0
DA:357,0
DA:362,0
DA:363,0
DA:364,0
DA:371,0
DA:372,0
DA:384,0
DA:385,0
DA:393,0
DA:394,0
DA:395,0
DA:403,0
DA:404,0
DA:416,0
DA:417,0
DA:425,0
DA:426,0
DA:427,0
DA:433,0
DA:434,0
DA:446,0
DA:447,0
DA:455,0
DA:456,0
DA:457,0
DA:469,0
DA:470,0
DA:482,0
DA:483,0
DA:491,0
DA:492,0
DA:493,0
DA:501,0
DA:502,0
DA:514,0
DA:515,0
DA:523,0
DA:524,0
DA:525,0
DA:531,0
DA:532,0
DA:544,0
DA:545,0
DA:553,0
DA:554,0
DA:555,0
DA:556,0
DA:557,0
DA:569,0
DA:570,0
DA:578,0
DA:579,0
DA:580,0
DA:581,0
DA:582,0
DA:594,0
DA:595,0
DA:603,0
DA:604,0
DA:605,0
DA:606,0
DA:607,0
DA:619,0
DA:620,0
DA:628,0
DA:629,0
DA:630,0
DA:631,0
DA:632,0
DA:644,0
DA:645,0
DA:653,0
DA:654,0
DA:655,0
DA:656,0
DA:657,0
DA:669,0
DA:670,0
DA:678,0
DA:679,0
DA:680,0
DA:681,0
DA:682,0
DA:694,0
DA:695,0
DA:703,0
DA:704,0
DA:705,0
DA:706,0
DA:707,0
DA:719,0
DA:720,0
LF:110
LH:3
BRDA:329,0,0,0
BRDA:329,0,1,0
BRDA:329,0,2,0
BRDA:329,0,3,0
BRDA:329,0,4,0
BRDA:329,0,5,0
BRDA:329,0,6,0
BRDA:329,0,7,0
BRDA:329,0,8,0
BRDA:329,0,9,0
BRDA:329,0,10,0
BRDA:329,0,11,0
BRDA:329,0,12,0
BRDA:329,0,13,0
BRDA:387,1,0,0
BRDA:387,1,1,0
BRDA:419,2,0,0
BRDA:419,2,1,0
BRDA:449,3,0,0
BRDA:449,3,1,0
BRDA:485,4,0,0
BRDA:485,4,1,0
BRDA:517,5,0,0
BRDA:517,5,1,0
BRDA:547,6,0,0
BRDA:547,6,1,0
BRDA:572,7,0,0
BRDA:572,7,1,0
BRDA:597,8,0,0
BRDA:597,8,1,0
BRDA:622,9,0,0
BRDA:622,9,1,0
BRDA:647,10,0,0
BRDA:647,10,1,0
BRDA:672,11,0,0
BRDA:672,11,1,0
BRDA:697,12,0,0
BRDA:697,12,1,0
BRDA:722,13,0,0
BRDA:722,13,1,0
BRF:40
BRH:0
end_of_record
TN:
SF:src\handlers\DiscoveryHandlers.ts
FN:7,(anonymous_7)
FN:86,(anonymous_8)
FN:107,(anonymous_10)
FN:132,(anonymous_12)
FN:157,(anonymous_14)
FN:182,(anonymous_16)
FN:207,(anonymous_18)
FN:232,(anonymous_20)
FN:257,(anonymous_22)
FNF:9
FNH:0
FNDA:0,(anonymous_7)
FNDA:0,(anonymous_8)
FNDA:0,(anonymous_10)
FNDA:0,(anonymous_12)
FNDA:0,(anonymous_14)
FNDA:0,(anonymous_16)
FNDA:0,(anonymous_18)
FNDA:0,(anonymous_20)
FNDA:0,(anonymous_22)
DA:1,1
DA:2,1
DA:6,1
DA:8,0
DA:87,0
DA:89,0
DA:91,0
DA:93,0
DA:95,0
DA:97,0
DA:99,0
DA:101,0
DA:103,0
DA:108,0
DA:109,0
DA:110,0
DA:111,0
DA:112,0
DA:124,0
DA:125,0
DA:133,0
DA:134,0
DA:135,0
DA:136,0
DA:137,0
DA:149,0
DA:150,0
DA:158,0
DA:159,0
DA:160,0
DA:161,0
DA:162,0
DA:174,0
DA:175,0
DA:183,0
DA:184,0
DA:185,0
DA:186,0
DA:187,0
DA:199,0
DA:200,0
DA:208,0
DA:209,0
DA:210,0
DA:211,0
DA:212,0
DA:224,0
DA:225,0
DA:233,0
DA:234,0
DA:235,0
DA:236,0
DA:237,0
DA:249,0
DA:250,0
DA:258,0
DA:259,0
DA:260,0
DA:261,0
DA:262,0
DA:274,0
DA:275,0
LF:62
LH:3
BRDA:87,0,0,0
BRDA:87,0,1,0
BRDA:87,0,2,0
BRDA:87,0,3,0
BRDA:87,0,4,0
BRDA:87,0,5,0
BRDA:87,0,6,0
BRDA:87,0,7,0
BRDA:127,1,0,0
BRDA:127,1,1,0
BRDA:152,2,0,0
BRDA:152,2,1,0
BRDA:177,3,0,0
BRDA:177,3,1,0
BRDA:202,4,0,0
BRDA:202,4,1,0
BRDA:227,5,0,0
BRDA:227,5,1,0
BRDA:252,6,0,0
BRDA:252,6,1,0
BRDA:277,7,0,0
BRDA:277,7,1,0
BRF:22
BRH:0
end_of_record
TN:
SF:src\handlers\FeedHandlers.ts
FN:7,(anonymous_7)
FN:34,(anonymous_8)
FN:45,(anonymous_10)
FN:70,(anonymous_12)
FNF:4
FNH:0
FNDA:0,(anonymous_7)
FNDA:0,(anonymous_8)
FNDA:0,(anonymous_10)
FNDA:0,(anonymous_12)
DA:1,1
DA:2,1
DA:6,1
DA:8,0
DA:35,0
DA:37,0
DA:39,0
DA:41,0
DA:46,0
DA:47,0
DA:48,0
DA:49,0
DA:50,0
DA:62,0
DA:63,0
DA:71,0
DA:72,0
DA:73,0
DA:74,0
DA:75,0
DA:87,0
DA:88,0
LF:22
LH:3
BRDA:35,0,0,0
BRDA:35,0,1,0
BRDA:35,0,2,0
BRDA:65,1,0,0
BRDA:65,1,1,0
BRDA:90,2,0,0
BRDA:90,2,1,0
BRF:7
BRH:0
end_of_record
TN:
SF:src\handlers\GitHandlers.ts
FN:7,(anonymous_7)
FN:263,(anonymous_8)
FN:290,(anonymous_10)
FN:315,(anonymous_12)
FN:344,(anonymous_14)
FN:376,(anonymous_16)
FN:407,(anonymous_18)
FN:432,(anonymous_20)
FN:461,(anonymous_22)
FN:491,(anonymous_24)
FN:520,(anonymous_26)
FN:549,(anonymous_28)
FNF:12
FNH:0
FNDA:0,(anonymous_7)
FNDA:0,(anonymous_8)
FNDA:0,(anonymous_10)
FNDA:0,(anonymous_12)
FNDA:0,(anonymous_14)
FNDA:0,(anonymous_16)
FNDA:0,(anonymous_18)
FNDA:0,(anonymous_20)
FNDA:0,(anonymous_22)
FNDA:0,(anonymous_24)
FNDA:0,(anonymous_26)
FNDA:0,(anonymous_28)
DA:1,1
DA:2,1
DA:6,1
DA:8,0
DA:264,0
DA:266,0
DA:268,0
DA:270,0
DA:272,0
DA:274,0
DA:276,0
DA:278,0
DA:280,0
DA:282,0
DA:284,0
DA:286,0
DA:291,0
DA:292,0
DA:293,0
DA:294,0
DA:295,0
DA:307,0
DA:308,0
DA:316,0
DA:317,0
DA:318,0
DA:323,0
DA:324,0
DA:336,0
DA:337,0
DA:345,0
DA:346,0
DA:347,0
DA:355,0
DA:356,0
DA:368,0
DA:369,0
DA:377,0
DA:378,0
DA:379,0
DA:386,0
DA:387,0
DA:399,0
DA:400,0
DA:408,0
DA:409,0
DA:410,0
DA:411,0
DA:412,0
DA:424,0
DA:425,0
DA:433,0
DA:434,0
DA:435,0
DA:440,0
DA:441,0
DA:453,0
DA:454,0
DA:462,0
DA:463,0
DA:464,0
DA:470,0
DA:471,0
DA:483,0
DA:484,0
DA:492,0
DA:493,0
DA:494,0
DA:499,0
DA:500,0
DA:512,0
DA:513,0
DA:521,0
DA:522,0
DA:523,0
DA:528,0
DA:529,0
DA:541,0
DA:542,0
DA:550,0
DA:551,0
DA:552,0
DA:559,0
DA:560,0
DA:572,0
DA:573,0
LF:86
LH:3
BRDA:264,0,0,0
BRDA:264,0,1,0
BRDA:264,0,2,0
BRDA:264,0,3,0
BRDA:264,0,4,0
BRDA:264,0,5,0
BRDA:264,0,6,0
BRDA:264,0,7,0
BRDA:264,0,8,0
BRDA:264,0,9,0
BRDA:264,0,10,0
BRDA:310,1,0,0
BRDA:310,1,1,0
BRDA:339,2,0,0
BRDA:339,2,1,0
BRDA:371,3,0,0
BRDA:371,3,1,0
BRDA:402,4,0,0
BRDA:402,4,1,0
BRDA:427,5,0,0
BRDA:427,5,1,0
BRDA:456,6,0,0
BRDA:456,6,1,0
BRDA:486,7,0,0
BRDA:486,7,1,0
BRDA:515,8,0,0
BRDA:515,8,1,0
BRDA:544,9,0,0
BRDA:544,9,1,0
BRDA:575,10,0,0
BRDA:575,10,1,0
BRF:31
BRH:0
end_of_record
TN:
SF:src\handlers\NodeHandlers.ts
FN:7,(anonymous_7)
FN:65,(anonymous_8)
FN:76,(anonymous_10)
FN:108,(anonymous_12)
FNF:4
FNH:0
FNDA:0,(anonymous_7)
FNDA:0,(anonymous_8)
FNDA:0,(anonymous_10)
FNDA:0,(anonymous_12)
DA:1,1
DA:2,1
DA:6,1
DA:8,0
DA:66,0
DA:68,0
DA:70,0
DA:72,0
DA:77,0
DA:78,0
DA:79,0
DA:87,0
DA:88,0
DA:100,0
DA:101,0
DA:109,0
DA:110,0
DA:111,0
DA:112,0
DA:113,0
DA:125,0
DA:126,0
LF:22
LH:3
BRDA:66,0,0,0
BRDA:66,0,1,0
BRDA:66,0,2,0
BRDA:103,1,0,0
BRDA:103,1,1,0
BRDA:128,2,0,0
BRDA:128,2,1,0
BRF:7
BRH:0
end_of_record
TN:
SF:src\handlers\ObjectDeletionHandlers.ts
FN:7,(anonymous_7)
FN:35,(anonymous_8)
FN:44,(anonymous_10)
FNF:3
FNH:0
FNDA:0,(anonymous_7)
FNDA:0,(anonymous_8)
FNDA:0,(anonymous_10)
DA:1,1
DA:2,1
DA:6,1
DA:8,0
DA:36,0
DA:38,0
DA:40,0
DA:45,0
DA:46,0
DA:47,0
DA:52,0
DA:53,0
DA:66,0
DA:67,0
DA:68,0
DA:69,0
LF:16
LH:3
BRDA:36,0,0,0
BRDA:36,0,1,0
BRDA:67,1,0,0
BRDA:67,1,1,0
BRDA:68,2,0,0
BRDA:68,2,1,0
BRDA:68,3,0,0
BRDA:68,3,1,0
BRDA:68,4,0,0
BRDA:68,4,1,0
BRDA:68,5,0,0
BRDA:68,5,1,0
BRDA:68,6,0,0
BRDA:68,6,1,0
BRF:14
BRH:0
end_of_record
TN:
SF:src\handlers\ObjectHandlers.ts
FN:7,(anonymous_7)
FN:85,(anonymous_8)
FN:102,(anonymous_10)
FN:130,(anonymous_12)
FN:158,(anonymous_14)
FN:190,(anonymous_16)
FN:218,(anonymous_18)
FNF:7
FNH:0
FNDA:0,(anonymous_7)
FNDA:0,(anonymous_8)
FNDA:0,(anonymous_10)
FNDA:0,(anonymous_12)
FNDA:0,(anonymous_14)
FNDA:0,(anonymous_16)
FNDA:0,(anonymous_18)
DA:1,1
DA:2,1
DA:6,1
DA:8,0
DA:86,0
DA:88,0
DA:90,0
DA:92,0
DA:94,0
DA:96,0
DA:98,0
DA:103,0
DA:104,0
DA:105,0
DA:106,0
DA:107,0
DA:120,0
DA:121,0
DA:122,0
DA:123,0
DA:131,0
DA:132,0
DA:133,0
DA:134,0
DA:135,0
DA:148,0
DA:149,0
DA:150,0
DA:151,0
DA:159,0
DA:160,0
DA:161,0
DA:166,0
DA:167,0
DA:180,0
DA:181,0
DA:182,0
DA:183,0
DA:191,0
DA:192,0
DA:193,0
DA:194,0
DA:195,0
DA:208,0
DA:209,0
DA:210,0
DA:211,0
DA:219,0
DA:220,0
DA:221,0
DA:222,0
DA:223,0
DA:236,0
DA:237,0
DA:238,0
DA:239,0
LF:56
LH:3
BRDA:86,0,0,0
BRDA:86,0,1,0
BRDA:86,0,2,0
BRDA:86,0,3,0
BRDA:86,0,4,0
BRDA:86,0,5,0
BRDA:121,1,0,0
BRDA:121,1,1,0
BRDA:122,2,0,0
BRDA:122,2,1,0
BRDA:122,3,0,0
BRDA:122,3,1,0
BRDA:122,4,0,0
BRDA:122,4,1,0
BRDA:122,5,0,0
BRDA:122,5,1,0
BRDA:122,6,0,0
BRDA:122,6,1,0
BRDA:149,7,0,0
BRDA:149,7,1,0
BRDA:150,8,0,0
BRDA:150,8,1,0
BRDA:150,9,0,0
BRDA:150,9,1,0
BRDA:150,10,0,0
BRDA:150,10,1,0
BRDA:150,11,0,0
BRDA:150,11,1,0
BRDA:150,12,0,0
BRDA:150,12,1,0
BRDA:181,13,0,0
BRDA:181,13,1,0
BRDA:182,14,0,0
BRDA:182,14,1,0
BRDA:182,15,0,0
BRDA:182,15,1,0
BRDA:182,16,0,0
BRDA:182,16,1,0
BRDA:182,17,0,0
BRDA:182,17,1,0
BRDA:182,18,0,0
BRDA:182,18,1,0
BRDA:209,19,0,0
BRDA:209,19,1,0
BRDA:210,20,0,0
BRDA:210,20,1,0
BRDA:210,21,0,0
BRDA:210,21,1,0
BRDA:210,22,0,0
BRDA:210,22,1,0
BRDA:210,23,0,0
BRDA:210,23,1,0
BRDA:210,24,0,0
BRDA:210,24,1,0
BRDA:237,25,0,0
BRDA:237,25,1,0
BRDA:238,26,0,0
BRDA:238,26,1,0
BRDA:238,27,0,0
BRDA:238,27,1,0
BRDA:238,28,0,0
BRDA:238,28,1,0
BRDA:238,29,0,0
BRDA:238,29,1,0
BRDA:238,30,0,0
BRDA:238,30,1,0
BRF:66
BRH:0
end_of_record
TN:
SF:src\handlers\ObjectLockHandlers.ts
FN:7,(anonymous_7)
FN:45,(anonymous_8)
FN:56,(anonymous_10)
FN:82,(anonymous_12)
FNF:4
FNH:0
FNDA:0,(anonymous_7)
FNDA:0,(anonymous_8)
FNDA:0,(anonymous_10)
FNDA:0,(anonymous_12)
DA:1,1
DA:2,1
DA:6,1
DA:8,0
DA:46,0
DA:48,0
DA:50,0
DA:52,0
DA:57,0
DA:58,0
DA:59,0
DA:60,0
DA:61,0
DA:74,0
DA:75,0
DA:83,0
DA:84,0
DA:85,0
DA:86,0
DA:87,0
DA:99,0
DA:100,0
LF:22
LH:3
BRDA:46,0,0,0
BRDA:46,0,1,0
BRDA:46,0,2,0
BRDA:77,1,0,0
BRDA:77,1,1,0
BRDA:102,2,0,0
BRDA:102,2,1,0
BRF:7
BRH:0
end_of_record
TN:
SF:src\handlers\ObjectManagementHandlers.ts
FN:44,(anonymous_7)
FN:104,(anonymous_8)
FN:117,(anonymous_10)
FN:132,(anonymous_12)
FN:147,(anonymous_14)
FNF:5
FNH:0
FNDA:0,(anonymous_7)
FNDA:0,(anonymous_8)
FNDA:0,(anonymous_10)
FNDA:0,(anonymous_12)
FNDA:0,(anonymous_14)
DA:1,1
DA:2,1
DA:43,1
DA:45,0
DA:105,0
DA:107,0
DA:109,0
DA:111,0
DA:113,0
DA:118,0
DA:119,0
DA:120,0
DA:121,0
DA:122,0
DA:124,0
DA:125,0
DA:133,0
DA:134,0
DA:135,0
DA:136,0
DA:137,0
DA:139,0
DA:140,0
DA:148,0
DA:149,0
DA:150,0
DA:151,0
DA:152,0
DA:154,0
DA:155,0
LF:30
LH:3
BRDA:105,0,0,0
BRDA:105,0,1,0
BRDA:105,0,2,0
BRDA:105,0,3,0
BRDA:127,1,0,0
BRDA:127,1,1,0
BRDA:142,2,0,0
BRDA:142,2,1,0
BRDA:157,3,0,0
BRDA:157,3,1,0
BRF:10
BRH:0
end_of_record
TN:
SF:src\handlers\ObjectRegistrationHandlers.ts
FN:7,(anonymous_7)
FN:51,(anonymous_8)
FN:64,(anonymous_10)
FN:87,(anonymous_12)
FN:110,(anonymous_14)
FNF:5
FNH:0
FNDA:0,(anonymous_7)
FNDA:0,(anonymous_8)
FNDA:0,(anonymous_10)
FNDA:0,(anonymous_12)
FNDA:0,(anonymous_14)
DA:1,1
DA:2,1
DA:6,1
DA:8,0
DA:52,0
DA:54,0
DA:56,0
DA:58,0
DA:60,0
DA:65,0
DA:66,0
DA:67,0
DA:68,0
DA:69,0
DA:79,0
DA:80,0
DA:88,0
DA:89,0
DA:90,0
DA:91,0
DA:92,0
DA:102,0
DA:103,0
DA:111,0
DA:112,0
DA:113,0
DA:122,0
DA:123,0
DA:133,0
DA:134,0
LF:30
LH:3
BRDA:52,0,0,0
BRDA:52,0,1,0
BRDA:52,0,2,0
BRDA:52,0,3,0
BRDA:82,1,0,0
BRDA:82,1,1,0
BRDA:105,2,0,0
BRDA:105,2,1,0
BRDA:136,3,0,0
BRDA:136,3,1,0
BRF:10
BRH:0
end_of_record
TN:
SF:src\handlers\ObjectSourceHandlers.ts
FN:7,(anonymous_7)
FN:38,(anonymous_8)
FN:49,(anonymous_10)
FN:75,(anonymous_12)
FNF:4
FNH:0
FNDA:0,(anonymous_7)
FNDA:0,(anonymous_8)
FNDA:0,(anonymous_10)
FNDA:0,(anonymous_12)
DA:1,1
DA:2,1
DA:6,1
DA:8,0
DA:39,0
DA:41,0
DA:43,0
DA:45,0
DA:51,0
DA:52,0
DA:53,0
DA:54,0
DA:55,0
DA:67,0
DA:68,0
DA:76,0
DA:77,0
DA:78,0
DA:84,0
DA:85,0
DA:97,0
DA:98,0
LF:22
LH:3
BRDA:39,0,0,0
BRDA:39,0,1,0
BRDA:39,0,2,0
BRDA:70,1,0,0
BRDA:70,1,1,0
BRDA:100,2,0,0
BRDA:100,2,1,0
BRF:7
BRH:0
end_of_record
TN:
SF:src\handlers\PrettyPrinterHandlers.ts
FN:7,(anonymous_7)
FN:52,(anonymous_8)
FN:65,(anonymous_10)
FN:90,(anonymous_12)
FN:115,(anonymous_14)
FNF:5
FNH:0
FNDA:0,(anonymous_7)
FNDA:0,(anonymous_8)
FNDA:0,(anonymous_10)
FNDA:0,(anonymous_12)
FNDA:0,(anonymous_14)
DA:1,1
DA:2,1
DA:6,1
DA:8,0
DA:53,0
DA:55,0
DA:57,0
DA:59,0
DA:61,0
DA:66,0
DA:67,0
DA:68,0
DA:69,0
DA:70,0
DA:82,0
DA:83,0
DA:91,0
DA:92,0
DA:93,0
DA:94,0
DA:95,0
DA:107,0
DA:108,0
DA:116,0
DA:117,0
DA:118,0
DA:119,0
DA:120,0
DA:132,0
DA:133,0
LF:30
LH:3
BRDA:53,0,0,0
BRDA:53,0,1,0
BRDA:53,0,2,0
BRDA:53,0,3,0
BRDA:85,1,0,0
BRDA:85,1,1,0
BRDA:110,2,0,0
BRDA:110,2,1,0
BRDA:135,3,0,0
BRDA:135,3,1,0
BRF:10
BRH:0
end_of_record
TN:
SF:src\handlers\QueryHandlers.ts
FN:7,(anonymous_7)
FN:65,(anonymous_8)
FN:76,(anonymous_10)
FN:103,(anonymous_12)
FNF:4
FNH:0
FNDA:0,(anonymous_7)
FNDA:0,(anonymous_8)
FNDA:0,(anonymous_10)
FNDA:0,(anonymous_12)
DA:2,1
DA:6,1
DA:8,0
DA:66,0
DA:68,0
DA:70,0
DA:72,0
DA:77,0
DA:78,0
DA:79,0
DA:85,0
DA:86,0
DA:98,0
DA:99,0
DA:104,0
DA:105,0
DA:106,0
DA:111,0
DA:112,0
DA:124,0
DA:125,0
LF:21
LH:2
BRDA:66,0,0,0
BRDA:66,0,1,0
BRDA:66,0,2,0
BRDA:99,1,0,0
BRDA:99,1,1,0
BRDA:125,2,0,0
BRDA:125,2,1,0
BRF:7
BRH:0
end_of_record
TN:
SF:src\handlers\RefactorHandlers.ts
FN:7,(anonymous_7)
FN:58,(anonymous_8)
FN:71,(anonymous_10)
FN:96,(anonymous_12)
FN:121,(anonymous_14)
FNF:5
FNH:0
FNDA:0,(anonymous_7)
FNDA:0,(anonymous_8)
FNDA:0,(anonymous_10)
FNDA:0,(anonymous_12)
FNDA:0,(anonymous_14)
DA:1,1
DA:2,1
DA:6,1
DA:8,0
DA:59,0
DA:61,0
DA:63,0
DA:65,0
DA:67,0
DA:72,0
DA:73,0
DA:74,0
DA:75,0
DA:76,0
DA:88,0
DA:89,0
DA:97,0
DA:98,0
DA:99,0
DA:100,0
DA:101,0
DA:113,0
DA:114,0
DA:122,0
DA:123,0
DA:124,0
DA:125,0
DA:126,0
DA:138,0
DA:139,0
LF:30
LH:3
BRDA:59,0,0,0
BRDA:59,0,1,0
BRDA:59,0,2,0
BRDA:59,0,3,0
BRDA:91,1,0,0
BRDA:91,1,1,0
BRDA:116,2,0,0
BRDA:116,2,1,0
BRDA:141,3,0,0
BRDA:141,3,1,0
BRF:10
BRH:0
end_of_record
TN:
SF:src\handlers\RenameHandlers.ts
FN:7,(anonymous_7)
FN:71,(anonymous_8)
FN:84,(anonymous_10)
FN:114,(anonymous_12)
FN:142,(anonymous_14)
FNF:5
FNH:0
FNDA:0,(anonymous_7)
FNDA:0,(anonymous_8)
FNDA:0,(anonymous_10)
FNDA:0,(anonymous_12)
FNDA:0,(anonymous_14)
DA:1,1
DA:2,1
DA:6,1
DA:8,0
DA:72,0
DA:74,0
DA:76,0
DA:78,0
DA:80,0
DA:85,0
DA:86,0
DA:87,0
DA:93,0
DA:94,0
DA:106,0
DA:107,0
DA:115,0
DA:116,0
DA:117,0
DA:121,0
DA:122,0
DA:134,0
DA:135,0
DA:143,0
DA:144,0
DA:145,0
DA:146,0
DA:147,0
DA:159,0
DA:160,0
LF:30
LH:3
BRDA:72,0,0,0
BRDA:72,0,1,0
BRDA:72,0,2,0
BRDA:72,0,3,0
BRDA:109,1,0,0
BRDA:109,1,1,0
BRDA:137,2,0,0
BRDA:137,2,1,0
BRDA:162,3,0,0
BRDA:162,3,1,0
BRF:10
BRH:0
end_of_record
TN:
SF:src\handlers\RevisionHandlers.ts
FN:7,(anonymous_7)
FN:31,(anonymous_8)
FN:40,(anonymous_10)
FNF:3
FNH:0
FNDA:0,(anonymous_7)
FNDA:0,(anonymous_8)
FNDA:0,(anonymous_10)
DA:1,1
DA:2,1
DA:6,1
DA:8,0
DA:32,0
DA:34,0
DA:36,0
DA:41,0
DA:42,0
DA:43,0
DA:44,0
DA:45,0
DA:57,0
DA:58,0
LF:14
LH:3
BRDA:32,0,0,0
BRDA:32,0,1,0
BRDA:60,1,0,0
BRDA:60,1,1,0
BRF:4
BRH:0
end_of_record
TN:
SF:src\handlers\ServiceBindingHandlers.ts
FN:7,(anonymous_7)
FN:67,(anonymous_8)
FN:80,(anonymous_10)
FN:105,(anonymous_12)
FN:130,(anonymous_14)
FNF:5
FNH:0
FNDA:0,(anonymous_7)
FNDA:0,(anonymous_8)
FNDA:0,(anonymous_10)
FNDA:0,(anonymous_12)
FNDA:0,(anonymous_14)
DA:1,1
DA:2,1
DA:6,1
DA:8,0
DA:68,0
DA:70,0
DA:72,0
DA:74,0
DA:76,0
DA:81,0
DA:82,0
DA:83,0
DA:84,0
DA:85,0
DA:97,0
DA:98,0
DA:106,0
DA:107,0
DA:108,0
DA:109,0
DA:110,0
DA:122,0
DA:123,0
DA:131,0
DA:132,0
DA:133,0
DA:134,0
DA:135,0
DA:147,0
DA:148,0
LF:30
LH:3
BRDA:68,0,0,0
BRDA:68,0,1,0
BRDA:68,0,2,0
BRDA:68,0,3,0
BRDA:100,1,0,0
BRDA:100,1,1,0
BRDA:125,2,0,0
BRDA:125,2,1,0
BRDA:150,3,0,0
BRDA:150,3,1,0
BRF:10
BRH:0
end_of_record
TN:
SF:src\handlers\TraceHandlers.ts
FN:7,(anonymous_7)
FN:153,(anonymous_8)
FN:178,(anonymous_10)
FN:203,(anonymous_12)
FN:228,(anonymous_14)
FN:253,(anonymous_16)
FN:278,(anonymous_18)
FN:303,(anonymous_20)
FN:328,(anonymous_22)
FN:353,(anonymous_24)
FN:378,(anonymous_26)
FNF:11
FNH:0
FNDA:0,(anonymous_7)
FNDA:0,(anonymous_8)
FNDA:0,(anonymous_10)
FNDA:0,(anonymous_12)
FNDA:0,(anonymous_14)
FNDA:0,(anonymous_16)
FNDA:0,(anonymous_18)
FNDA:0,(anonymous_20)
FNDA:0,(anonymous_22)
FNDA:0,(anonymous_24)
FNDA:0,(anonymous_26)
DA:1,1
DA:2,1
DA:6,1
DA:8,0
DA:154,0
DA:156,0
DA:158,0
DA:160,0
DA:162,0
DA:164,0
DA:166,0
DA:168,0
DA:170,0
DA:172,0
DA:174,0
DA:179,0
DA:180,0
DA:181,0
DA:182,0
DA:183,0
DA:195,0
DA:196,0
DA:204,0
DA:205,0
DA:206,0
DA:207,0
DA:208,0
DA:220,0
DA:221,0
DA:229,0
DA:230,0
DA:231,0
DA:232,0
DA:233,0
DA:245,0
DA:246,0
DA:254,0
DA:255,0
DA:256,0
DA:257,0
DA:258,0
DA:270,0
DA:271,0
DA:279,0
DA:280,0
DA:281,0
DA:282,0
DA:283,0
DA:295,0
DA:296,0
DA:304,0
DA:305,0
DA:306,0
DA:307,0
DA:308,0
DA:320,0
DA:321,0
DA:329,0
DA:330,0
DA:331,0
DA:332,0
DA:333,0
DA:345,0
DA:346,0
DA:354,0
DA:355,0
DA:356,0
DA:357,0
DA:358,0
DA:370,0
DA:371,0
DA:379,0
DA:380,0
DA:381,0
DA:382,0
DA:383,0
DA:395,0
DA:396,0
LF:78
LH:3
BRDA:154,0,0,0
BRDA:154,0,1,0
BRDA:154,0,2,0
BRDA:154,0,3,0
BRDA:154,0,4,0
BRDA:154,0,5,0
BRDA:154,0,6,0
BRDA:154,0,7,0
BRDA:154,0,8,0
BRDA:154,0,9,0
BRDA:198,1,0,0
BRDA:198,1,1,0
BRDA:223,2,0,0
BRDA:223,2,1,0
BRDA:248,3,0,0
BRDA:248,3,1,0
BRDA:273,4,0,0
BRDA:273,4,1,0
BRDA:298,5,0,0
BRDA:298,5,1,0
BRDA:323,6,0,0
BRDA:323,6,1,0
BRDA:348,7,0,0
BRDA:348,7,1,0
BRDA:373,8,0,0
BRDA:373,8,1,0
BRDA:398,9,0,0
BRDA:398,9,1,0
BRF:28
BRH:0
end_of_record
TN:
SF:src\handlers\TransportHandlers.ts
FN:7,(anonymous_7)
FN:270,(anonymous_8)
FN:307,(anonymous_10)
FN:336,(anonymous_12)
FN:367,(anonymous_14)
FN:392,(anonymous_16)
FN:417,(anonymous_18)
FN:442,(anonymous_20)
FN:467,(anonymous_22)
FN:492,(anonymous_24)
FN:517,(anonymous_26)
FN:542,(anonymous_28)
FN:567,(anonymous_30)
FN:592,(anonymous_32)
FN:617,(anonymous_34)
FN:642,(anonymous_36)
FN:667,(anonymous_38)
FNF:17
FNH:0
FNDA:0,(anonymous_7)
FNDA:0,(anonymous_8)
FNDA:0,(anonymous_10)
FNDA:0,(anonymous_12)
FNDA:0,(anonymous_14)
FNDA:0,(anonymous_16)
FNDA:0,(anonymous_18)
FNDA:0,(anonymous_20)
FNDA:0,(anonymous_22)
FNDA:0,(anonymous_24)
FNDA:0,(anonymous_26)
FNDA:0,(anonymous_28)
FNDA:0,(anonymous_30)
FNDA:0,(anonymous_32)
FNDA:0,(anonymous_34)
FNDA:0,(anonymous_36)
FNDA:0,(anonymous_38)
DA:1,1
DA:2,1
DA:6,1
DA:8,0
DA:271,0
DA:273,0
DA:275,0
DA:277,0
DA:279,0
DA:281,0
DA:283,0
DA:285,0
DA:287,0
DA:289,0
DA:291,0
DA:293,0
DA:295,0
DA:297,0
DA:299,0
DA:301,0
DA:303,0
DA:308,0
DA:309,0
DA:310,0
DA:315,0
DA:316,0
DA:328,0
DA:329,0
DA:337,0
DA:338,0
DA:339,0
DA:345,0
DA:346,0
DA:359,0
DA:360,0
DA:368,0
DA:369,0
DA:370,0
DA:371,0
DA:372,0
DA:384,0
DA:385,0
DA:393,0
DA:394,0
DA:395,0
DA:396,0
DA:397,0
DA:409,0
DA:410,0
DA:418,0
DA:419,0
DA:420,0
DA:421,0
DA:422,0
DA:434,0
DA:435,0
DA:443,0
DA:444,0
DA:445,0
DA:446,0
DA:447,0
DA:459,0
DA:460,0
DA:468,0
DA:469,0
DA:470,0
DA:471,0
DA:472,0
DA:484,0
DA:485,0
DA:493,0
DA:494,0
DA:495,0
DA:496,0
DA:497,0
DA:509,0
DA:510,0
DA:518,0
DA:519,0
DA:520,0
DA:521,0
DA:522,0
DA:534,0
DA:535,0
DA:543,0
DA:544,0
DA:545,0
DA:546,0
DA:547,0
DA:559,0
DA:560,0
DA:568,0
DA:569,0
DA:570,0
DA:571,0
DA:572,0
DA:584,0
DA:585,0
DA:593,0
DA:594,0
DA:595,0
DA:596,0
DA:597,0
DA:609,0
DA:610,0
DA:618,0
DA:619,0
DA:620,0
DA:621,0
DA:622,0
DA:634,0
DA:635,0
DA:643,0
DA:644,0
DA:645,0
DA:646,0
DA:647,0
DA:659,0
DA:660,0
DA:668,0
DA:669,0
DA:670,0
DA:671,0
DA:672,0
DA:684,0
DA:685,0
LF:126
LH:3
BRDA:271,0,0,0
BRDA:271,0,1,0
BRDA:271,0,2,0
BRDA:271,0,3,0
BRDA:271,0,4,0
BRDA:271,0,5,0
BRDA:271,0,6,0
BRDA:271,0,7,0
BRDA:271,0,8,0
BRDA:271,0,9,0
BRDA:271,0,10,0
BRDA:271,0,11,0
BRDA:271,0,12,0
BRDA:271,0,13,0
BRDA:271,0,14,0
BRDA:271,0,15,0
BRDA:331,1,0,0
BRDA:331,1,1,0
BRDA:362,2,0,0
BRDA:362,2,1,0
BRDA:387,3,0,0
BRDA:387,3,1,0
BRDA:412,4,0,0
BRDA:412,4,1,0
BRDA:437,5,0,0
BRDA:437,5,1,0
BRDA:462,6,0,0
BRDA:462,6,1,0
BRDA:487,7,0,0
BRDA:487,7,1,0
BRDA:512,8,0,0
BRDA:512,8,1,0
BRDA:537,9,0,0
BRDA:537,9,1,0
BRDA:562,10,0,0
BRDA:562,10,1,0
BRDA:587,11,0,0
BRDA:587,11,1,0
BRDA:612,12,0,0
BRDA:612,12,1,0
BRDA:637,13,0,0
BRDA:637,13,1,0
BRDA:662,14,0,0
BRDA:662,14,1,0
BRDA:687,15,0,0
BRDA:687,15,1,0
BRF:46
BRH:0
end_of_record
TN:
SF:src\handlers\UnitTestHandlers.ts
FN:7,(anonymous_7)
FN:91,(anonymous_8)
FN:106,(anonymous_10)
FN:131,(anonymous_12)
FN:156,(anonymous_14)
FN:181,(anonymous_16)
FNF:6
FNH:0
FNDA:0,(anonymous_7)
FNDA:0,(anonymous_8)
FNDA:0,(anonymous_10)
FNDA:0,(anonymous_12)
FNDA:0,(anonymous_14)
FNDA:0,(anonymous_16)
DA:1,1
DA:2,1
DA:6,1
DA:8,0
DA:92,0
DA:94,0
DA:96,0
DA:98,0
DA:100,0
DA:102,0
DA:107,0
DA:108,0
DA:109,0
DA:110,0
DA:111,0
DA:123,0
DA:124,0
DA:132,0
DA:133,0
DA:134,0
DA:135,0
DA:136,0
DA:148,0
DA:149,0
DA:157,0
DA:158,0
DA:159,0
DA:160,0
DA:161,0
DA:173,0
DA:174,0
DA:182,0
DA:183,0
DA:184,0
DA:185,0
DA:186,0
DA:199,0
DA:200,0
LF:38
LH:3
BRDA:92,0,0,0
BRDA:92,0,1,0
BRDA:92,0,2,0
BRDA:92,0,3,0
BRDA:92,0,4,0
BRDA:126,1,0,0
BRDA:126,1,1,0
BRDA:151,2,0,0
BRDA:151,2,1,0
BRDA:176,3,0,0
BRDA:176,3,1,0
BRDA:202,4,0,0
BRDA:202,4,1,0
BRF:13
BRH:0
end_of_record
TN:
SF:src\lib\logger.ts
FN:3,createLogger
FN:5,(anonymous_1)
FN:7,(anonymous_2)
FN:9,(anonymous_3)
FN:11,(anonymous_4)
FN:16,log
FNF:6
FNH:0
FNDA:0,createLogger
FNDA:0,(anonymous_1)
FNDA:0,(anonymous_2)
FNDA:0,(anonymous_3)
FNDA:0,(anonymous_4)
FNDA:0,log
DA:3,1
DA:4,0
DA:6,0
DA:8,0
DA:10,0
DA:12,0
DA:17,0
DA:18,0
DA:26,0
DA:28,0
DA:30,0
DA:31,0
DA:33,0
DA:34,0
DA:36,0
DA:37,0
DA:39,0
DA:40,0
LF:18
LH:1
BRDA:28,0,0,0
BRDA:28,0,1,0
BRDA:28,0,2,0
BRDA:28,0,3,0
BRF:4
BRH:0
end_of_record
