TN:
SF:src\index.ts
FN:51,fetchOAuthToken
FN:106,(anonymous_10)
FN:124,(anonymous_11)
FN:131,(anonymous_12)
FN:144,(anonymous_13)
FN:172,(anonymous_14)
FN:173,(anonymous_15)
FN:173,(anonymous_16)
FN:213,(anonymous_17)
FN:213,(anonymous_18)
FN:1285,(anonymous_19)
FN:1296,(anonymous_21)
FN:1296,(anonymous_22)
FN:1331,(anonymous_23)
FN:1358,(anonymous_24)
FN:1367,(anonymous_26)
FN:1367,(anonymous_27)
FN:1372,(anonymous_28)
FN:1372,(anonymous_29)
FN:1378,(anonymous_30)
FN:1387,(anonymous_31)
FNF:21
FNH:1
FNDA:4,fetchOAuthToken
FNDA:0,(anonymous_10)
FNDA:0,(anonymous_11)
FNDA:0,(anonymous_12)
FNDA:0,(anonymous_13)
FNDA:0,(anonymous_14)
FNDA:0,(anonymous_15)
FNDA:0,(anonymous_16)
FNDA:0,(anonymous_17)
FNDA:0,(anonymous_18)
FNDA:0,(anonymous_19)
FNDA:0,(anonymous_21)
FNDA:0,(anonymous_22)
FNDA:0,(anonymous_23)
FNDA:0,(anonymous_24)
FNDA:0,(anonymous_26)
FNDA:0,(anonymous_27)
FNDA:0,(anonymous_28)
FNDA:0,(anonymous_29)
FNDA:0,(anonymous_30)
FNDA:0,(anonymous_31)
DA:3,1
DA:4,1
DA:5,1
DA:6,1
DA:12,1
DA:13,1
DA:14,1
DA:15,1
DA:16,1
DA:17,1
DA:18,1
DA:19,1
DA:20,1
DA:21,1
DA:22,1
DA:23,1
DA:24,1
DA:25,1
DA:26,1
DA:27,1
DA:28,1
DA:29,1
DA:30,1
DA:31,1
DA:32,1
DA:33,1
DA:34,1
DA:35,1
DA:36,1
DA:37,1
DA:38,1
DA:39,1
DA:41,1
DA:51,1
DA:52,4
DA:53,4
DA:54,4
DA:55,4
DA:57,4
DA:65,3
DA:66,2
DA:67,2
DA:70,1
DA:73,1
DA:100,0
DA:107,0
DA:120,0
DA:122,0
DA:124,0
DA:125,0
DA:126,0
DA:131,0
DA:132,0
DA:133,0
DA:135,0
DA:136,0
DA:137,0
DA:145,0
DA:146,0
DA:148,0
DA:149,0
DA:160,0
DA:173,0
DA:174,0
DA:213,0
DA:214,0
DA:217,0
DA:221,0
DA:222,0
DA:225,0
DA:226,0
DA:273,0
DA:274,0
DA:304,0
DA:305,0
DA:339,0
DA:340,0
DA:357,0
DA:358,0
DA:375,0
DA:376,0
DA:393,0
DA:394,0
DA:418,0
DA:419,0
DA:441,0
DA:442,0
DA:464,0
DA:465,0
DA:497,0
DA:498,0
DA:530,0
DA:531,0
DA:548,0
DA:549,0
DA:591,0
DA:592,0
DA:636,0
DA:637,0
DA:692,0
DA:693,0
DA:766,0
DA:767,0
DA:845,0
DA:846,0
DA:914,0
DA:915,0
DA:977,0
DA:978,0
DA:1032,0
DA:1033,0
DA:1097,0
DA:1098,0
DA:1187,0
DA:1188,0
DA:1254,0
DA:1255,0
DA:1258,0
DA:1269,0
DA:1272,0
DA:1278,0
DA:1280,0
DA:1286,0
DA:1288,0
DA:1289,0
DA:1290,0
DA:1292,0
DA:1293,0
DA:1294,0
DA:1296,0
DA:1297,0
DA:1298,0
DA:1299,0
DA:1302,0
DA:1308,0
DA:1319,0
DA:1328,0
DA:1331,0
DA:1332,0
DA:1333,0
DA:1334,0
DA:1335,0
DA:1336,0
DA:1337,0
DA:1338,0
DA:1339,0
DA:1340,0
DA:1341,0
DA:1342,0
DA:1343,0
DA:1344,0
DA:1345,0
DA:1346,0
DA:1347,0
DA:1348,0
DA:1349,0
DA:1350,0
DA:1351,0
DA:1352,0
DA:1353,0
DA:1354,0
DA:1355,0
DA:1359,0
DA:1360,0
DA:1362,0
DA:1363,0
DA:1364,0
DA:1367,0
DA:1368,0
DA:1369,0
DA:1372,0
DA:1373,0
DA:1374,0
DA:1378,0
DA:1379,0
DA:1385,1
DA:1386,0
DA:1387,0
DA:1388,0
DA:1389,0
LF:180
LH:45
BRDA:65,0,0,2
BRDA:120,1,0,0
BRDA:120,1,1,0
BRDA:122,2,0,0
BRDA:122,2,1,0
BRDA:125,3,0,0
BRDA:132,4,0,0
BRDA:145,5,0,0
BRDA:148,6,0,0
BRDA:217,7,0,0
BRDA:217,7,1,0
BRDA:217,7,2,0
BRDA:217,7,3,0
BRDA:217,7,4,0
BRDA:217,7,5,0
BRDA:217,7,6,0
BRDA:217,7,7,0
BRDA:217,7,8,0
BRDA:217,7,9,0
BRDA:217,7,10,0
BRDA:217,7,11,0
BRDA:217,7,12,0
BRDA:217,7,13,0
BRDA:217,7,14,0
BRDA:217,7,15,0
BRDA:217,7,16,0
BRDA:217,7,17,0
BRDA:217,7,18,0
BRDA:217,7,19,0
BRDA:217,7,20,0
BRDA:217,7,21,0
BRDA:217,7,22,0
BRDA:217,7,23,0
BRDA:217,7,24,0
BRDA:217,7,25,0
BRDA:217,7,26,0
BRDA:217,7,27,0
BRDA:217,7,28,0
BRDA:217,7,29,0
BRDA:217,7,30,0
BRDA:217,7,31,0
BRDA:217,7,32,0
BRDA:217,7,33,0
BRDA:217,7,34,0
BRDA:217,7,35,0
BRDA:217,7,36,0
BRDA:217,7,37,0
BRDA:217,7,38,0
BRDA:217,7,39,0
BRDA:217,7,40,0
BRDA:217,7,41,0
BRDA:217,7,42,0
BRDA:217,7,43,0
BRDA:217,7,44,0
BRDA:217,7,45,0
BRDA:217,7,46,0
BRDA:217,7,47,0
BRDA:217,7,48,0
BRDA:217,7,49,0
BRDA:217,7,50,0
BRDA:217,7,51,0
BRDA:217,7,52,0
BRDA:217,7,53,0
BRDA:217,7,54,0
BRDA:217,7,55,0
BRDA:217,7,56,0
BRDA:217,7,57,0
BRDA:217,7,58,0
BRDA:217,7,59,0
BRDA:217,7,60,0
BRDA:217,7,61,0
BRDA:217,7,62,0
BRDA:217,7,63,0
BRDA:217,7,64,0
BRDA:217,7,65,0
BRDA:217,7,66,0
BRDA:217,7,67,0
BRDA:217,7,68,0
BRDA:217,7,69,0
BRDA:217,7,70,0
BRDA:217,7,71,0
BRDA:217,7,72,0
BRDA:217,7,73,0
BRDA:217,7,74,0
BRDA:217,7,75,0
BRDA:217,7,76,0
BRDA:217,7,77,0
BRDA:217,7,78,0
BRDA:217,7,79,0
BRDA:217,7,80,0
BRDA:217,7,81,0
BRDA:217,7,82,0
BRDA:217,7,83,0
BRDA:217,7,84,0
BRDA:217,7,85,0
BRDA:217,7,86,0
BRDA:217,7,87,0
BRDA:217,7,88,0
BRDA:217,7,89,0
BRDA:217,7,90,0
BRDA:217,7,91,0
BRDA:217,7,92,0
BRDA:217,7,93,0
BRDA:217,7,94,0
BRDA:217,7,95,0
BRDA:217,7,96,0
BRDA:217,7,97,0
BRDA:217,7,98,0
BRDA:217,7,99,0
BRDA:217,7,100,0
BRDA:217,7,101,0
BRDA:217,7,102,0
BRDA:217,7,103,0
BRDA:217,7,104,0
BRDA:217,7,105,0
BRDA:217,7,106,0
BRDA:217,7,107,0
BRDA:217,7,108,0
BRDA:217,7,109,0
BRDA:217,7,110,0
BRDA:217,7,111,0
BRDA:217,7,112,0
BRDA:217,7,113,0
BRDA:217,7,114,0
BRDA:217,7,115,0
BRDA:217,7,116,0
BRDA:217,7,117,0
BRDA:217,7,118,0
BRDA:217,7,119,0
BRDA:217,7,120,0
BRDA:217,7,121,0
BRDA:217,7,122,0
BRDA:217,7,123,0
BRDA:217,7,124,0
BRDA:217,7,125,0
BRDA:217,7,126,0
BRDA:217,7,127,0
BRDA:217,7,128,0
BRDA:217,7,129,0
BRDA:217,7,130,0
BRDA:217,7,131,0
BRDA:217,7,132,0
BRDA:217,7,133,0
BRDA:217,7,134,0
BRDA:217,7,135,0
BRDA:217,7,136,0
BRDA:217,7,137,0
BRDA:217,7,138,0
BRDA:217,7,139,0
BRDA:217,7,140,0
BRDA:217,7,141,0
BRDA:217,7,142,0
BRDA:217,7,143,0
BRDA:217,7,144,0
BRDA:217,7,145,0
BRDA:217,7,146,0
BRDA:217,7,147,0
BRDA:217,7,148,0
BRDA:217,7,149,0
BRDA:217,7,150,0
BRDA:217,7,151,0
BRDA:217,7,152,0
BRDA:217,7,153,0
BRDA:217,7,154,0
BRDA:217,7,155,0
BRDA:217,7,156,0
BRDA:217,7,157,0
BRDA:217,7,158,0
BRDA:217,7,159,0
BRDA:217,7,160,0
BRDA:217,7,161,0
BRDA:217,7,162,0
BRDA:217,7,163,0
BRDA:217,7,164,0
BRDA:217,7,165,0
BRDA:217,7,166,0
BRDA:217,7,167,0
BRDA:217,7,168,0
BRDA:217,7,169,0
BRDA:217,7,170,0
BRDA:217,7,171,0
BRDA:217,7,172,0
BRDA:217,7,173,0
BRDA:217,7,174,0
BRDA:217,7,175,0
BRDA:217,7,176,0
BRDA:217,7,177,0
BRDA:217,7,178,0
BRDA:217,7,179,0
BRDA:217,7,180,0
BRDA:217,7,181,0
BRDA:217,7,182,0
BRDA:217,7,183,0
BRDA:217,7,184,0
BRDA:217,7,185,0
BRDA:217,7,186,0
BRDA:217,7,187,0
BRDA:217,7,188,0
BRDA:217,7,189,0
BRDA:217,7,190,0
BRDA:217,7,191,0
BRDA:217,7,192,0
BRDA:217,7,193,0
BRDA:217,7,194,0
BRDA:217,7,195,0
BRDA:217,7,196,0
BRDA:217,7,197,0
BRDA:217,7,198,0
BRDA:217,7,199,0
BRDA:217,7,200,0
BRDA:217,7,201,0
BRDA:217,7,202,0
BRDA:217,7,203,0
BRDA:217,7,204,0
BRDA:217,7,205,0
BRDA:217,7,206,0
BRDA:217,7,207,0
BRDA:217,7,208,0
BRDA:217,7,209,0
BRDA:217,7,210,0
BRDA:217,7,211,0
BRDA:217,7,212,0
BRDA:217,7,213,0
BRDA:217,7,214,0
BRDA:217,7,215,0
BRDA:217,7,216,0
BRDA:217,7,217,0
BRDA:217,7,218,0
BRDA:217,7,219,0
BRDA:217,7,220,0
BRDA:217,7,221,0
BRDA:217,7,222,0
BRDA:217,7,223,0
BRDA:217,7,224,0
BRDA:217,7,225,0
BRDA:217,7,226,0
BRDA:217,7,227,0
BRDA:217,7,228,0
BRDA:217,7,229,0
BRDA:217,7,230,0
BRDA:217,7,231,0
BRDA:217,7,232,0
BRDA:217,7,233,0
BRDA:217,7,234,0
BRDA:217,7,235,0
BRDA:217,7,236,0
BRDA:217,7,237,0
BRDA:217,7,238,0
BRDA:217,7,239,0
BRDA:217,7,240,0
BRDA:217,7,241,0
BRDA:217,7,242,0
BRDA:217,7,243,0
BRDA:217,7,244,0
BRDA:217,7,245,0
BRDA:217,7,246,0
BRDA:217,7,247,0
BRDA:217,7,248,0
BRDA:217,7,249,0
BRDA:217,7,250,0
BRDA:217,7,251,0
BRDA:217,7,252,0
BRDA:217,7,253,0
BRDA:217,7,254,0
BRDA:217,7,255,0
BRDA:217,7,256,0
BRDA:217,7,257,0
BRDA:217,7,258,0
BRDA:217,7,259,0
BRDA:217,7,260,0
BRDA:217,7,261,0
BRDA:217,7,262,0
BRDA:217,7,263,0
BRDA:217,7,264,0
BRDA:217,7,265,0
BRDA:217,7,266,0
BRDA:217,7,267,0
BRDA:217,7,268,0
BRDA:217,7,269,0
BRDA:217,7,270,0
BRDA:217,7,271,0
BRDA:217,7,272,0
BRDA:217,7,273,0
BRDA:217,7,274,0
BRDA:217,7,275,0
BRDA:217,7,276,0
BRDA:217,7,277,0
BRDA:217,7,278,0
BRDA:217,7,279,0
BRDA:217,7,280,0
BRDA:217,7,281,0
BRDA:217,7,282,0
BRDA:217,7,283,0
BRDA:217,7,284,0
BRDA:217,7,285,0
BRDA:217,7,286,0
BRDA:217,7,287,0
BRDA:217,7,288,0
BRDA:217,7,289,0
BRDA:217,7,290,0
BRDA:217,7,291,0
BRDA:217,7,292,0
BRDA:217,7,293,0
BRDA:217,7,294,0
BRDA:217,7,295,0
BRDA:217,7,296,0
BRDA:217,7,297,0
BRDA:217,7,298,0
BRDA:217,7,299,0
BRDA:217,7,300,0
BRDA:217,7,301,0
BRDA:217,7,302,0
BRDA:217,7,303,0
BRDA:217,7,304,0
BRDA:217,7,305,0
BRDA:217,7,306,0
BRDA:217,7,307,0
BRDA:217,7,308,0
BRDA:217,7,309,0
BRDA:217,7,310,0
BRDA:217,7,311,0
BRDA:217,7,312,0
BRDA:217,7,313,0
BRDA:217,7,314,0
BRDA:217,7,315,0
BRDA:217,7,316,0
BRDA:217,7,317,0
BRDA:217,7,318,0
BRDA:217,7,319,0
BRDA:217,7,320,0
BRDA:217,7,321,0
BRDA:217,7,322,0
BRDA:217,7,323,0
BRDA:217,7,324,0
BRDA:217,7,325,0
BRDA:217,7,326,0
BRDA:217,7,327,0
BRDA:217,7,328,0
BRDA:217,7,329,0
BRDA:217,7,330,0
BRDA:217,7,331,0
BRDA:217,7,332,0
BRDA:217,7,333,0
BRDA:217,7,334,0
BRDA:217,7,335,0
BRDA:217,7,336,0
BRDA:217,7,337,0
BRDA:217,7,338,0
BRDA:217,7,339,0
BRDA:217,7,340,0
BRDA:217,7,341,0
BRDA:217,7,342,0
BRDA:217,7,343,0
BRDA:217,7,344,0
BRDA:217,7,345,0
BRDA:217,7,346,0
BRDA:217,7,347,0
BRDA:217,7,348,0
BRDA:217,7,349,0
BRDA:217,7,350,0
BRDA:217,7,351,0
BRDA:217,7,352,0
BRDA:217,7,353,0
BRDA:217,7,354,0
BRDA:217,7,355,0
BRDA:217,7,356,0
BRDA:217,7,357,0
BRDA:217,7,358,0
BRDA:217,7,359,0
BRDA:217,7,360,0
BRDA:217,7,361,0
BRDA:217,7,362,0
BRDA:217,7,363,0
BRDA:217,7,364,0
BRDA:217,7,365,0
BRDA:217,7,366,0
BRDA:217,7,367,0
BRDA:217,7,368,0
BRDA:217,7,369,0
BRDA:217,7,370,0
BRDA:217,7,371,0
BRDA:217,7,372,0
BRDA:217,7,373,0
BRDA:217,7,374,0
BRDA:217,7,375,0
BRDA:217,7,376,0
BRDA:217,7,377,0
BRDA:217,7,378,0
BRDA:217,7,379,0
BRDA:217,7,380,0
BRDA:217,7,381,0
BRDA:217,7,382,0
BRDA:217,7,383,0
BRDA:217,7,384,0
BRDA:217,7,385,0
BRDA:217,7,386,0
BRDA:217,7,387,0
BRDA:217,7,388,0
BRDA:217,7,389,0
BRDA:217,7,390,0
BRDA:217,7,391,0
BRDA:217,7,392,0
BRDA:217,7,393,0
BRDA:217,7,394,0
BRDA:217,7,395,0
BRDA:217,7,396,0
BRDA:217,7,397,0
BRDA:217,7,398,0
BRDA:217,7,399,0
BRDA:217,7,400,0
BRDA:217,7,401,0
BRDA:217,7,402,0
BRDA:217,7,403,0
BRDA:217,7,404,0
BRDA:217,7,405,0
BRDA:217,7,406,0
BRDA:217,7,407,0
BRDA:217,7,408,0
BRDA:217,7,409,0
BRDA:217,7,410,0
BRDA:217,7,411,0
BRDA:217,7,412,0
BRDA:217,7,413,0
BRDA:217,7,414,0
BRDA:217,7,415,0
BRDA:217,7,416,0
BRDA:217,7,417,0
BRDA:217,7,418,0
BRDA:217,7,419,0
BRDA:217,7,420,0
BRDA:217,7,421,0
BRDA:217,7,422,0
BRDA:217,7,423,0
BRDA:217,7,424,0
BRDA:217,7,425,0
BRDA:217,7,426,0
BRDA:217,7,427,0
BRDA:217,7,428,0
BRDA:217,7,429,0
BRDA:217,7,430,0
BRDA:217,7,431,0
BRDA:217,7,432,0
BRDA:217,7,433,0
BRDA:217,7,434,0
BRDA:217,7,435,0
BRDA:217,7,436,0
BRDA:217,7,437,0
BRDA:217,7,438,0
BRDA:217,7,439,0
BRDA:217,7,440,0
BRDA:217,7,441,0
BRDA:217,7,442,0
BRDA:217,7,443,0
BRDA:217,7,444,0
BRDA:217,7,445,0
BRDA:217,7,446,0
BRDA:217,7,447,0
BRDA:217,7,448,0
BRDA:217,7,449,0
BRDA:217,7,450,0
BRDA:217,7,451,0
BRDA:217,7,452,0
BRDA:217,7,453,0
BRDA:217,7,454,0
BRDA:217,7,455,0
BRDA:217,7,456,0
BRDA:217,7,457,0
BRDA:217,7,458,0
BRDA:217,7,459,0
BRDA:217,7,460,0
BRDA:217,7,461,0
BRDA:217,7,462,0
BRDA:217,7,463,0
BRDA:217,7,464,0
BRDA:217,7,465,0
BRDA:217,7,466,0
BRDA:217,7,467,0
BRDA:217,7,468,0
BRDA:217,7,469,0
BRDA:217,7,470,0
BRDA:217,7,471,0
BRDA:217,7,472,0
BRDA:217,7,473,0
BRDA:217,7,474,0
BRDA:217,7,475,0
BRDA:217,7,476,0
BRDA:217,7,477,0
BRDA:217,7,478,0
BRDA:217,7,479,0
BRDA:217,7,480,0
BRDA:217,7,481,0
BRDA:217,7,482,0
BRDA:217,7,483,0
BRDA:217,7,484,0
BRDA:217,7,485,0
BRDA:217,7,486,0
BRDA:217,7,487,0
BRDA:217,7,488,0
BRDA:217,7,489,0
BRDA:217,7,490,0
BRDA:217,7,491,0
BRDA:217,7,492,0
BRDA:217,7,493,0
BRDA:217,7,494,0
BRDA:217,7,495,0
BRDA:217,7,496,0
BRDA:217,7,497,0
BRDA:217,7,498,0
BRDA:217,7,499,0
BRDA:217,7,500,0
BRDA:217,7,501,0
BRDA:217,7,502,0
BRDA:217,7,503,0
BRDA:217,7,504,0
BRDA:217,7,505,0
BRDA:217,7,506,0
BRDA:217,7,507,0
BRDA:217,7,508,0
BRDA:217,7,509,0
BRDA:217,7,510,0
BRDA:217,7,511,0
BRDA:217,7,512,0
BRDA:217,7,513,0
BRDA:217,7,514,0
BRDA:217,7,515,0
BRDA:217,7,516,0
BRDA:217,7,517,0
BRDA:217,7,518,0
BRDA:217,7,519,0
BRDA:217,7,520,0
BRDA:217,7,521,0
BRDA:217,7,522,0
BRDA:217,7,523,0
BRDA:217,7,524,0
BRDA:217,7,525,0
BRDA:217,7,526,0
BRDA:217,7,527,0
BRDA:217,7,528,0
BRDA:217,7,529,0
BRDA:217,7,530,0
BRDA:217,7,531,0
BRDA:217,7,532,0
BRDA:217,7,533,0
BRDA:217,7,534,0
BRDA:217,7,535,0
BRDA:217,7,536,0
BRDA:217,7,537,0
BRDA:217,7,538,0
BRDA:217,7,539,0
BRDA:217,7,540,0
BRDA:217,7,541,0
BRDA:217,7,542,0
BRDA:217,7,543,0
BRDA:217,7,544,0
BRDA:217,7,545,0
BRDA:217,7,546,0
BRDA:217,7,547,0
BRDA:217,7,548,0
BRDA:217,7,549,0
BRDA:217,7,550,0
BRDA:217,7,551,0
BRDA:217,7,552,0
BRDA:217,7,553,0
BRDA:217,7,554,0
BRDA:217,7,555,0
BRDA:217,7,556,0
BRDA:217,7,557,0
BRDA:217,7,558,0
BRDA:217,7,559,0
BRDA:217,7,560,0
BRDA:217,7,561,0
BRDA:217,7,562,0
BRDA:217,7,563,0
BRDA:217,7,564,0
BRDA:217,7,565,0
BRDA:217,7,566,0
BRDA:217,7,567,0
BRDA:217,7,568,0
BRDA:217,7,569,0
BRDA:217,7,570,0
BRDA:217,7,571,0
BRDA:217,7,572,0
BRDA:217,7,573,0
BRDA:217,7,574,0
BRDA:217,7,575,0
BRDA:217,7,576,0
BRDA:217,7,577,0
BRDA:217,7,578,0
BRDA:217,7,579,0
BRDA:217,7,580,0
BRDA:217,7,581,0
BRDA:217,7,582,0
BRDA:217,7,583,0
BRDA:217,7,584,0
BRDA:217,7,585,0
BRDA:217,7,586,0
BRDA:217,7,587,0
BRDA:217,7,588,0
BRDA:217,7,589,0
BRDA:217,7,590,0
BRDA:217,7,591,0
BRDA:217,7,592,0
BRDA:217,7,593,0
BRDA:217,7,594,0
BRDA:217,7,595,0
BRDA:217,7,596,0
BRDA:217,7,597,0
BRDA:217,7,598,0
BRDA:217,7,599,0
BRDA:217,7,600,0
BRDA:217,7,601,0
BRDA:217,7,602,0
BRDA:217,7,603,0
BRDA:217,7,604,0
BRDA:217,7,605,0
BRDA:217,7,606,0
BRDA:217,7,607,0
BRDA:217,7,608,0
BRDA:217,7,609,0
BRDA:217,7,610,0
BRDA:217,7,611,0
BRDA:217,7,612,0
BRDA:217,7,613,0
BRDA:217,7,614,0
BRDA:217,7,615,0
BRDA:217,7,616,0
BRDA:217,7,617,0
BRDA:217,7,618,0
BRDA:217,7,619,0
BRDA:217,7,620,0
BRDA:217,7,621,0
BRDA:217,7,622,0
BRDA:217,7,623,0
BRDA:217,7,624,0
BRDA:217,7,625,0
BRDA:217,7,626,0
BRDA:217,7,627,0
BRDA:217,7,628,0
BRDA:217,7,629,0
BRDA:217,7,630,0
BRDA:217,7,631,0
BRDA:217,7,632,0
BRDA:217,7,633,0
BRDA:217,7,634,0
BRDA:217,7,635,0
BRDA:217,7,636,0
BRDA:217,7,637,0
BRDA:217,7,638,0
BRDA:217,7,639,0
BRDA:217,7,640,0
BRDA:217,7,641,0
BRDA:217,7,642,0
BRDA:217,7,643,0
BRDA:217,7,644,0
BRDA:217,7,645,0
BRDA:217,7,646,0
BRDA:217,7,647,0
BRDA:217,7,648,0
BRDA:217,7,649,0
BRDA:217,7,650,0
BRDA:217,7,651,0
BRDA:217,7,652,0
BRDA:217,7,653,0
BRDA:217,7,654,0
BRDA:217,7,655,0
BRDA:217,7,656,0
BRDA:217,7,657,0
BRDA:217,7,658,0
BRDA:217,7,659,0
BRDA:217,7,660,0
BRDA:217,7,661,0
BRDA:217,7,662,0
BRDA:217,7,663,0
BRDA:217,7,664,0
BRDA:217,7,665,0
BRDA:217,7,666,0
BRDA:217,7,667,0
BRDA:217,7,668,0
BRDA:217,7,669,0
BRDA:217,7,670,0
BRDA:217,7,671,0
BRDA:217,7,672,0
BRDA:217,7,673,0
BRDA:217,7,674,0
BRDA:217,7,675,0
BRDA:217,7,676,0
BRDA:217,7,677,0
BRDA:217,7,678,0
BRDA:217,7,679,0
BRDA:217,7,680,0
BRDA:217,7,681,0
BRDA:217,7,682,0
BRDA:217,7,683,0
BRDA:217,7,684,0
BRDA:217,7,685,0
BRDA:217,7,686,0
BRDA:217,7,687,0
BRDA:217,7,688,0
BRDA:217,7,689,0
BRDA:217,7,690,0
BRDA:217,7,691,0
BRDA:217,7,692,0
BRDA:217,7,693,0
BRDA:217,7,694,0
BRDA:217,7,695,0
BRDA:217,7,696,0
BRDA:217,7,697,0
BRDA:217,7,698,0
BRDA:217,7,699,0
BRDA:217,7,700,0
BRDA:217,7,701,0
BRDA:217,7,702,0
BRDA:217,7,703,0
BRDA:217,7,704,0
BRDA:217,7,705,0
BRDA:217,7,706,0
BRDA:217,7,707,0
BRDA:217,7,708,0
BRDA:217,7,709,0
BRDA:217,7,710,0
BRDA:217,7,711,0
BRDA:217,7,712,0
BRDA:217,7,713,0
BRDA:217,7,714,0
BRDA:217,7,715,0
BRDA:217,7,716,0
BRDA:217,7,717,0
BRDA:217,7,718,0
BRDA:217,7,719,0
BRDA:217,7,720,0
BRDA:217,7,721,0
BRDA:217,7,722,0
BRDA:217,7,723,0
BRDA:217,7,724,0
BRDA:217,7,725,0
BRDA:217,7,726,0
BRDA:217,7,727,0
BRDA:217,7,728,0
BRDA:217,7,729,0
BRDA:217,7,730,0
BRDA:217,7,731,0
BRDA:217,7,732,0
BRDA:217,7,733,0
BRDA:217,7,734,0
BRDA:217,7,735,0
BRDA:217,7,736,0
BRDA:217,7,737,0
BRDA:217,7,738,0
BRDA:217,7,739,0
BRDA:217,7,740,0
BRDA:217,7,741,0
BRDA:217,7,742,0
BRDA:217,7,743,0
BRDA:217,7,744,0
BRDA:217,7,745,0
BRDA:217,7,746,0
BRDA:217,7,747,0
BRDA:217,7,748,0
BRDA:217,7,749,0
BRDA:217,7,750,0
BRDA:217,7,751,0
BRDA:217,7,752,0
BRDA:217,7,753,0
BRDA:217,7,754,0
BRDA:217,7,755,0
BRDA:217,7,756,0
BRDA:217,7,757,0
BRDA:217,7,758,0
BRDA:217,7,759,0
BRDA:217,7,760,0
BRDA:217,7,761,0
BRDA:217,7,762,0
BRDA:217,7,763,0
BRDA:217,7,764,0
BRDA:217,7,765,0
BRDA:217,7,766,0
BRDA:217,7,767,0
BRDA:217,7,768,0
BRDA:217,7,769,0
BRDA:217,7,770,0
BRDA:217,7,771,0
BRDA:217,7,772,0
BRDA:217,7,773,0
BRDA:217,7,774,0
BRDA:217,7,775,0
BRDA:217,7,776,0
BRDA:217,7,777,0
BRDA:217,7,778,0
BRDA:217,7,779,0
BRDA:217,7,780,0
BRDA:217,7,781,0
BRDA:217,7,782,0
BRDA:217,7,783,0
BRDA:217,7,784,0
BRDA:217,7,785,0
BRDA:217,7,786,0
BRDA:217,7,787,0
BRDA:217,7,788,0
BRDA:217,7,789,0
BRDA:217,7,790,0
BRDA:217,7,791,0
BRDA:217,7,792,0
BRDA:217,7,793,0
BRDA:217,7,794,0
BRDA:217,7,795,0
BRDA:217,7,796,0
BRDA:217,7,797,0
BRDA:217,7,798,0
BRDA:217,7,799,0
BRDA:217,7,800,0
BRDA:217,7,801,0
BRDA:217,7,802,0
BRDA:217,7,803,0
BRDA:217,7,804,0
BRDA:217,7,805,0
BRDA:217,7,806,0
BRDA:217,7,807,0
BRDA:217,7,808,0
BRDA:217,7,809,0
BRDA:217,7,810,0
BRDA:217,7,811,0
BRDA:217,7,812,0
BRDA:217,7,813,0
BRDA:217,7,814,0
BRDA:217,7,815,0
BRDA:217,7,816,0
BRDA:217,7,817,0
BRDA:217,7,818,0
BRDA:217,7,819,0
BRDA:217,7,820,0
BRDA:217,7,821,0
BRDA:217,7,822,0
BRDA:217,7,823,0
BRDA:217,7,824,0
BRDA:217,7,825,0
BRDA:217,7,826,0
BRDA:217,7,827,0
BRDA:217,7,828,0
BRDA:217,7,829,0
BRDA:217,7,830,0
BRDA:217,7,831,0
BRDA:217,7,832,0
BRDA:217,7,833,0
BRDA:217,7,834,0
BRDA:217,7,835,0
BRDA:217,7,836,0
BRDA:217,7,837,0
BRDA:217,7,838,0
BRDA:217,7,839,0
BRDA:217,7,840,0
BRDA:217,7,841,0
BRDA:217,7,842,0
BRDA:217,7,843,0
BRDA:217,7,844,0
BRDA:217,7,845,0
BRDA:217,7,846,0
BRDA:217,7,847,0
BRDA:217,7,848,0
BRDA:217,7,849,0
BRDA:217,7,850,0
BRDA:217,7,851,0
BRDA:217,7,852,0
BRDA:217,7,853,0
BRDA:217,7,854,0
BRDA:217,7,855,0
BRDA:217,7,856,0
BRDA:217,7,857,0
BRDA:217,7,858,0
BRDA:217,7,859,0
BRDA:217,7,860,0
BRDA:217,7,861,0
BRDA:217,7,862,0
BRDA:217,7,863,0
BRDA:217,7,864,0
BRDA:217,7,865,0
BRDA:217,7,866,0
BRDA:217,7,867,0
BRDA:217,7,868,0
BRDA:217,7,869,0
BRDA:217,7,870,0
BRDA:217,7,871,0
BRDA:217,7,872,0
BRDA:217,7,873,0
BRDA:217,7,874,0
BRDA:217,7,875,0
BRDA:217,7,876,0
BRDA:217,7,877,0
BRDA:217,7,878,0
BRDA:217,7,879,0
BRDA:217,7,880,0
BRDA:217,7,881,0
BRDA:217,7,882,0
BRDA:217,7,883,0
BRDA:217,7,884,0
BRDA:217,7,885,0
BRDA:217,7,886,0
BRDA:217,7,887,0
BRDA:217,7,888,0
BRDA:217,7,889,0
BRDA:217,7,890,0
BRDA:217,7,891,0
BRDA:217,7,892,0
BRDA:217,7,893,0
BRDA:217,7,894,0
BRDA:217,7,895,0
BRDA:217,7,896,0
BRDA:217,7,897,0
BRDA:217,7,898,0
BRDA:217,7,899,0
BRDA:217,7,900,0
BRDA:217,7,901,0
BRDA:217,7,902,0
BRDA:217,7,903,0
BRDA:217,7,904,0
BRDA:217,7,905,0
BRDA:217,7,906,0
BRDA:217,7,907,0
BRDA:217,7,908,0
BRDA:217,7,909,0
BRDA:217,7,910,0
BRDA:217,7,911,0
BRDA:217,7,912,0
BRDA:217,7,913,0
BRDA:217,7,914,0
BRDA:217,7,915,0
BRDA:217,7,916,0
BRDA:217,7,917,0
BRDA:217,7,918,0
BRDA:217,7,919,0
BRDA:217,7,920,0
BRDA:217,7,921,0
BRDA:217,7,922,0
BRDA:217,7,923,0
BRDA:217,7,924,0
BRDA:217,7,925,0
BRDA:217,7,926,0
BRDA:217,7,927,0
BRDA:217,7,928,0
BRDA:217,7,929,0
BRDA:217,7,930,0
BRDA:217,7,931,0
BRDA:217,7,932,0
BRDA:217,7,933,0
BRDA:217,7,934,0
BRDA:217,7,935,0
BRDA:217,7,936,0
BRDA:217,7,937,0
BRDA:217,7,938,0
BRDA:217,7,939,0
BRDA:217,7,940,0
BRDA:217,7,941,0
BRDA:217,7,942,0
BRDA:217,7,943,0
BRDA:217,7,944,0
BRDA:217,7,945,0
BRDA:217,7,946,0
BRDA:217,7,947,0
BRDA:217,7,948,0
BRDA:217,7,949,0
BRDA:217,7,950,0
BRDA:217,7,951,0
BRDA:217,7,952,0
BRDA:217,7,953,0
BRDA:217,7,954,0
BRDA:217,7,955,0
BRDA:217,7,956,0
BRDA:217,7,957,0
BRDA:217,7,958,0
BRDA:217,7,959,0
BRDA:217,7,960,0
BRDA:217,7,961,0
BRDA:217,7,962,0
BRDA:217,7,963,0
BRDA:217,7,964,0
BRDA:217,7,965,0
BRDA:1261,8,0,0
BRDA:1261,8,1,0
BRDA:1288,9,0,0
BRDA:1288,9,1,0
BRDA:1289,10,0,0
BRDA:1289,11,0,0
BRDA:1289,11,1,0
BRDA:1293,12,0,0
BRDA:1293,12,1,0
BRDA:1364,13,0,0
BRDA:1364,13,1,0
BRDA:1385,14,0,0
BRF:987
BRH:1
end_of_record
TN:
SF:src\handlers\AtcHandlers.ts
FN:8,(anonymous_7)
FN:169,(anonymous_8)
FN:196,(anonymous_10)
FN:221,(anonymous_12)
FN:246,(anonymous_14)
FN:271,(anonymous_16)
FN:296,(anonymous_18)
FN:321,(anonymous_20)
FN:346,(anonymous_22)
FN:371,(anonymous_24)
FN:396,(anonymous_26)
FN:421,(anonymous_28)
FNF:12
FNH:0
FNDA:0,(anonymous_7)
FNDA:0,(anonymous_8)
FNDA:0,(anonymous_10)
FNDA:0,(anonymous_12)
FNDA:0,(anonymous_14)
FNDA:0,(anonymous_16)
FNDA:0,(anonymous_18)
FNDA:0,(anonymous_20)
FNDA:0,(anonymous_22)
FNDA:0,(anonymous_24)
FNDA:0,(anonymous_26)
FNDA:0,(anonymous_28)
DA:2,1
DA:5,1
DA:7,1
DA:9,0
DA:170,0
DA:172,0
DA:174,0
DA:176,0
DA:178,0
DA:180,0
DA:182,0
DA:184,0
DA:186,0
DA:188,0
DA:190,0
DA:192,0
DA:197,0
DA:198,0
DA:199,0
DA:200,0
DA:201,0
DA:213,0
DA:214,0
DA:222,0
DA:223,0
DA:224,0
DA:225,0
DA:226,0
DA:238,0
DA:239,0
DA:247,0
DA:248,0
DA:249,0
DA:250,0
DA:251,0
DA:263,0
DA:264,0
DA:272,0
DA:273,0
DA:274,0
DA:275,0
DA:276,0
DA:288,0
DA:289,0
DA:297,0
DA:298,0
DA:299,0
DA:300,0
DA:301,0
DA:313,0
DA:314,0
DA:322,0
DA:323,0
DA:324,0
DA:325,0
DA:326,0
DA:338,0
DA:339,0
DA:347,0
DA:348,0
DA:349,0
DA:350,0
DA:351,0
DA:363,0
DA:364,0
DA:372,0
DA:373,0
DA:374,0
DA:375,0
DA:376,0
DA:388,0
DA:389,0
DA:397,0
DA:398,0
DA:399,0
DA:400,0
DA:401,0
DA:413,0
DA:414,0
DA:422,0
DA:423,0
DA:424,0
DA:425,0
DA:426,0
DA:438,0
DA:439,0
LF:86
LH:3
BRDA:170,0,0,0
BRDA:170,0,1,0
BRDA:170,0,2,0
BRDA:170,0,3,0
BRDA:170,0,4,0
BRDA:170,0,5,0
BRDA:170,0,6,0
BRDA:170,0,7,0
BRDA:170,0,8,0
BRDA:170,0,9,0
BRDA:170,0,10,0
BRDA:216,1,0,0
BRDA:216,1,1,0
BRDA:241,2,0,0
BRDA:241,2,1,0
BRDA:266,3,0,0
BRDA:266,3,1,0
BRDA:274,4,0,0
BRDA:274,4,1,0
BRDA:274,5,0,0
BRDA:274,5,1,0
BRDA:291,6,0,0
BRDA:291,6,1,0
BRDA:316,7,0,0
BRDA:316,7,1,0
BRDA:341,8,0,0
BRDA:341,8,1,0
BRDA:366,9,0,0
BRDA:366,9,1,0
BRDA:391,10,0,0
BRDA:391,10,1,0
BRDA:416,11,0,0
BRDA:416,11,1,0
BRDA:441,12,0,0
BRDA:441,12,1,0
BRF:35
BRH:0
end_of_record
TN:
SF:src\handlers\AuthHandlers.ts
FN:9,(anonymous_7)
FN:14,(anonymous_8)
FN:43,(anonymous_9)
FN:56,(anonymous_11)
FN:111,(anonymous_13)
FN:133,(anonymous_15)
FNF:6
FNH:6
FNDA:11,(anonymous_7)
FNDA:1,(anonymous_8)
FNDA:10,(anonymous_9)
FNDA:5,(anonymous_11)
FNDA:2,(anonymous_13)
FNDA:2,(anonymous_15)
DA:1,2
DA:2,2
DA:6,2
DA:10,11
DA:11,11
DA:15,1
DA:44,10
DA:46,5
DA:48,2
DA:50,2
DA:52,1
DA:57,5
DA:58,3
DA:59,3
DA:60,3
DA:61,0
DA:62,0
DA:71,3
DA:72,3
DA:73,1
DA:79,2
DA:90,2
DA:91,2
DA:92,2
DA:93,1
DA:94,1
DA:103,1
DA:104,1
DA:112,2
DA:113,2
DA:114,2
DA:115,1
DA:116,1
DA:125,1
DA:126,1
DA:134,2
DA:135,2
DA:136,2
DA:137,1
DA:138,1
DA:147,1
DA:148,1
LF:42
LH:40
BRDA:44,0,0,5
BRDA:44,0,1,2
BRDA:44,0,2,2
BRDA:44,0,3,1
BRDA:57,1,0,3
BRDA:72,2,0,1
BRDA:72,3,0,3
BRDA:72,3,1,3
BRDA:72,3,2,2
BRDA:75,4,0,1
BRDA:75,4,1,0
BRDA:106,5,0,1
BRDA:106,5,1,0
BRDA:128,6,0,1
BRDA:128,6,1,0
BRDA:150,7,0,1
BRDA:150,7,1,0
BRF:17
BRH:13
end_of_record
TN:
SF:src\handlers\BaseHandler.ts
FN:7,(anonymous_0)
FN:23,(anonymous_1)
FN:27,(anonymous_2)
FN:45,(anonymous_3)
FN:60,(anonymous_4)
FNF:5
FNH:4
FNDA:2,(anonymous_0)
FNDA:11,(anonymous_1)
FNDA:9,(anonymous_2)
FNDA:0,(anonymous_3)
FNDA:9,(anonymous_4)
DA:3,2
DA:4,2
DA:5,2
DA:7,2
DA:8,2
DA:9,2
DA:12,2
DA:14,11
DA:15,11
DA:16,11
DA:24,11
DA:28,9
DA:29,9
DA:30,9
DA:32,9
DA:33,3
DA:35,6
DA:38,9
DA:46,0
DA:47,0
DA:49,0
DA:50,0
DA:51,0
DA:57,0
DA:61,9
LF:25
LH:19
BRDA:7,0,0,2
BRDA:7,0,1,2
BRDA:32,1,0,3
BRDA:32,1,1,6
BRDA:47,2,0,0
BRDA:47,2,1,0
BRDA:49,3,0,0
BRDA:63,4,0,9
BRDA:63,4,1,0
BRF:9
BRH:5
end_of_record
TN:
SF:src\handlers\ClassHandlers.ts
FN:7,(anonymous_7)
FN:63,(anonymous_8)
FN:76,(anonymous_10)
FN:101,(anonymous_12)
FN:126,(anonymous_14)
FNF:5
FNH:0
FNDA:0,(anonymous_7)
FNDA:0,(anonymous_8)
FNDA:0,(anonymous_10)
FNDA:0,(anonymous_12)
FNDA:0,(anonymous_14)
DA:1,1
DA:2,1
DA:4,1
DA:6,1
DA:8,0
DA:64,0
DA:66,0
DA:68,0
DA:70,0
DA:72,0
DA:77,0
DA:78,0
DA:79,0
DA:80,0
DA:81,0
DA:93,0
DA:94,0
DA:102,0
DA:103,0
DA:104,0
DA:105,0
DA:106,0
DA:118,0
DA:119,0
DA:127,0
DA:128,0
DA:129,0
DA:134,0
DA:135,0
DA:147,0
DA:148,0
LF:31
LH:4
BRDA:64,0,0,0
BRDA:64,0,1,0
BRDA:64,0,2,0
BRDA:64,0,3,0
BRDA:96,1,0,0
BRDA:96,1,1,0
BRDA:121,2,0,0
BRDA:121,2,1,0
BRDA:150,3,0,0
BRDA:150,3,1,0
BRF:10
BRH:0
end_of_record
TN:
SF:src\handlers\CodeAnalysisHandlers.ts
FN:7,(anonymous_7)
FN:195,(anonymous_8)
FN:229,(anonymous_10)
FN:253,(anonymous_12)
FN:278,(anonymous_14)
FN:308,(anonymous_16)
FN:341,(anonymous_18)
FN:370,(anonymous_20)
FN:395,(anonymous_22)
FN:420,(anonymous_24)
FN:445,(anonymous_26)
FN:470,(anonymous_28)
FN:495,(anonymous_30)
FN:520,(anonymous_32)
FN:545,(anonymous_34)
FN:570,(anonymous_36)
FNF:16
FNH:0
FNDA:0,(anonymous_7)
FNDA:0,(anonymous_8)
FNDA:0,(anonymous_10)
FNDA:0,(anonymous_12)
FNDA:0,(anonymous_14)
FNDA:0,(anonymous_16)
FNDA:0,(anonymous_18)
FNDA:0,(anonymous_20)
FNDA:0,(anonymous_22)
FNDA:0,(anonymous_24)
FNDA:0,(anonymous_26)
FNDA:0,(anonymous_28)
FNDA:0,(anonymous_30)
FNDA:0,(anonymous_32)
FNDA:0,(anonymous_34)
FNDA:0,(anonymous_36)
DA:1,1
DA:2,1
DA:6,1
DA:8,0
DA:196,0
DA:198,0
DA:200,0
DA:202,0
DA:204,0
DA:206,0
DA:208,0
DA:210,0
DA:212,0
DA:214,0
DA:216,0
DA:218,0
DA:220,0
DA:222,0
DA:224,0
DA:226,0
DA:230,0
DA:231,0
DA:232,0
DA:233,0
DA:234,0
DA:246,0
DA:247,0
DA:254,0
DA:255,0
DA:256,0
DA:257,0
DA:258,0
DA:270,0
DA:271,0
DA:279,0
DA:280,0
DA:281,0
DA:287,0
DA:288,0
DA:300,0
DA:301,0
DA:309,0
DA:310,0
DA:311,0
DA:320,0
DA:321,0
DA:333,0
DA:334,0
DA:342,0
DA:343,0
DA:344,0
DA:349,0
DA:350,0
DA:362,0
DA:363,0
DA:371,0
DA:372,0
DA:373,0
DA:374,0
DA:375,0
DA:387,0
DA:388,0
DA:396,0
DA:397,0
DA:398,0
DA:399,0
DA:400,0
DA:412,0
DA:413,0
DA:421,0
DA:422,0
DA:423,0
DA:424,0
DA:425,0
DA:437,0
DA:438,0
DA:446,0
DA:447,0
DA:448,0
DA:449,0
DA:450,0
DA:462,0
DA:463,0
DA:471,0
DA:472,0
DA:473,0
DA:474,0
DA:475,0
DA:487,0
DA:488,0
DA:496,0
DA:497,0
DA:498,0
DA:499,0
DA:500,0
DA:512,0
DA:513,0
DA:521,0
DA:522,0
DA:523,0
DA:524,0
DA:525,0
DA:537,0
DA:538,0
DA:546,0
DA:547,0
DA:548,0
DA:549,0
DA:550,0
DA:562,0
DA:563,0
DA:571,0
DA:572,0
DA:573,0
DA:574,0
DA:575,0
DA:587,0
DA:588,0
LF:118
LH:3
BRDA:196,0,0,0
BRDA:196,0,1,0
BRDA:196,0,2,0
BRDA:196,0,3,0
BRDA:196,0,4,0
BRDA:196,0,5,0
BRDA:196,0,6,0
BRDA:196,0,7,0
BRDA:196,0,8,0
BRDA:196,0,9,0
BRDA:196,0,10,0
BRDA:196,0,11,0
BRDA:196,0,12,0
BRDA:196,0,13,0
BRDA:196,0,14,0
BRDA:249,1,0,0
BRDA:249,1,1,0
BRDA:256,2,0,0
BRDA:256,2,1,0
BRDA:256,3,0,0
BRDA:256,3,1,0
BRDA:256,4,0,0
BRDA:256,4,1,0
BRDA:256,5,0,0
BRDA:256,5,1,0
BRDA:256,6,0,0
BRDA:256,6,1,0
BRDA:256,7,0,0
BRDA:256,7,1,0
BRDA:256,8,0,0
BRDA:256,8,1,0
BRDA:256,9,0,0
BRDA:256,9,1,0
BRDA:273,10,0,0
BRDA:273,10,1,0
BRDA:303,11,0,0
BRDA:303,11,1,0
BRDA:336,12,0,0
BRDA:336,12,1,0
BRDA:365,13,0,0
BRDA:365,13,1,0
BRDA:390,14,0,0
BRDA:390,14,1,0
BRDA:415,15,0,0
BRDA:415,15,1,0
BRDA:440,16,0,0
BRDA:440,16,1,0
BRDA:465,17,0,0
BRDA:465,17,1,0
BRDA:490,18,0,0
BRDA:490,18,1,0
BRDA:515,19,0,0
BRDA:515,19,1,0
BRDA:540,20,0,0
BRDA:540,20,1,0
BRDA:565,21,0,0
BRDA:565,21,1,0
BRDA:590,22,0,0
BRDA:590,22,1,0
BRF:59
BRH:0
end_of_record
TN:
SF:src\handlers\DdicHandlers.ts
FN:7,(anonymous_7)
FN:82,(anonymous_8)
FN:97,(anonymous_10)
FN:122,(anonymous_12)
FN:152,(anonymous_14)
FN:177,(anonymous_16)
FNF:6
FNH:0
FNDA:0,(anonymous_7)
FNDA:0,(anonymous_8)
FNDA:0,(anonymous_10)
FNDA:0,(anonymous_12)
FNDA:0,(anonymous_14)
FNDA:0,(anonymous_16)
DA:1,1
DA:2,1
DA:6,1
DA:8,0
DA:83,0
DA:85,0
DA:87,0
DA:89,0
DA:91,0
DA:93,0
DA:98,0
DA:99,0
DA:100,0
DA:101,0
DA:102,0
DA:114,0
DA:115,0
DA:123,0
DA:124,0
DA:125,0
DA:131,0
DA:132,0
DA:144,0
DA:145,0
DA:153,0
DA:154,0
DA:155,0
DA:156,0
DA:157,0
DA:169,0
DA:170,0
DA:178,0
DA:179,0
DA:180,0
DA:181,0
DA:182,0
DA:194,0
DA:195,0
LF:38
LH:3
BRDA:83,0,0,0
BRDA:83,0,1,0
BRDA:83,0,2,0
BRDA:83,0,3,0
BRDA:83,0,4,0
BRDA:117,1,0,0
BRDA:117,1,1,0
BRDA:147,2,0,0
BRDA:147,2,1,0
BRDA:172,3,0,0
BRDA:172,3,1,0
BRDA:197,4,0,0
BRDA:197,4,1,0
BRF:13
BRH:0
end_of_record
TN:
SF:src\handlers\DebugHandlers.ts
FN:7,(anonymous_7)
FN:328,(anonymous_8)
FN:361,(anonymous_10)
FN:392,(anonymous_12)
FN:424,(anonymous_14)
FN:454,(anonymous_16)
FN:490,(anonymous_18)
FN:522,(anonymous_20)
FN:552,(anonymous_22)
FN:577,(anonymous_24)
FN:602,(anonymous_26)
FN:627,(anonymous_28)
FN:652,(anonymous_30)
FN:677,(anonymous_32)
FN:702,(anonymous_34)
FNF:15
FNH:0
FNDA:0,(anonymous_7)
FNDA:0,(anonymous_8)
FNDA:0,(anonymous_10)
FNDA:0,(anonymous_12)
FNDA:0,(anonymous_14)
FNDA:0,(anonymous_16)
FNDA:0,(anonymous_18)
FNDA:0,(anonymous_20)
FNDA:0,(anonymous_22)
FNDA:0,(anonymous_24)
FNDA:0,(anonymous_26)
FNDA:0,(anonymous_28)
FNDA:0,(anonymous_30)
FNDA:0,(anonymous_32)
FNDA:0,(anonymous_34)
DA:1,1
DA:2,1
DA:6,1
DA:8,0
DA:329,0
DA:331,0
DA:333,0
DA:335,0
DA:337,0
DA:339,0
DA:341,0
DA:343,0
DA:345,0
DA:347,0
DA:349,0
DA:351,0
DA:353,0
DA:355,0
DA:357,0
DA:362,0
DA:363,0
DA:364,0
DA:371,0
DA:372,0
DA:384,0
DA:385,0
DA:393,0
DA:394,0
DA:395,0
DA:403,0
DA:404,0
DA:416,0
DA:417,0
DA:425,0
DA:426,0
DA:427,0
DA:433,0
DA:434,0
DA:446,0
DA:447,0
DA:455,0
DA:456,0
DA:457,0
DA:469,0
DA:470,0
DA:482,0
DA:483,0
DA:491,0
DA:492,0
DA:493,0
DA:501,0
DA:502,0
DA:514,0
DA:515,0
DA:523,0
DA:524,0
DA:525,0
DA:531,0
DA:532,0
DA:544,0
DA:545,0
DA:553,0
DA:554,0
DA:555,0
DA:556,0
DA:557,0
DA:569,0
DA:570,0
DA:578,0
DA:579,0
DA:580,0
DA:581,0
DA:582,0
DA:594,0
DA:595,0
DA:603,0
DA:604,0
DA:605,0
DA:606,0
DA:607,0
DA:619,0
DA:620,0
DA:628,0
DA:629,0
DA:630,0
DA:631,0
DA:632,0
DA:644,0
DA:645,0
DA:653,0
DA:654,0
DA:655,0
DA:656,0
DA:657,0
DA:669,0
DA:670,0
DA:678,0
DA:679,0
DA:680,0
DA:681,0
DA:682,0
DA:694,0
DA:695,0
DA:703,0
DA:704,0
DA:705,0
DA:706,0
DA:707,0
DA:719,0
DA:720,0
LF:110
LH:3
BRDA:329,0,0,0
BRDA:329,0,1,0
BRDA:329,0,2,0
BRDA:329,0,3,0
BRDA:329,0,4,0
BRDA:329,0,5,0
BRDA:329,0,6,0
BRDA:329,0,7,0
BRDA:329,0,8,0
BRDA:329,0,9,0
BRDA:329,0,10,0
BRDA:329,0,11,0
BRDA:329,0,12,0
BRDA:329,0,13,0
BRDA:387,1,0,0
BRDA:387,1,1,0
BRDA:419,2,0,0
BRDA:419,2,1,0
BRDA:449,3,0,0
BRDA:449,3,1,0
BRDA:485,4,0,0
BRDA:485,4,1,0
BRDA:517,5,0,0
BRDA:517,5,1,0
BRDA:547,6,0,0
BRDA:547,6,1,0
BRDA:572,7,0,0
BRDA:572,7,1,0
BRDA:597,8,0,0
BRDA:597,8,1,0
BRDA:622,9,0,0
BRDA:622,9,1,0
BRDA:647,10,0,0
BRDA:647,10,1,0
BRDA:672,11,0,0
BRDA:672,11,1,0
BRDA:697,12,0,0
BRDA:697,12,1,0
BRDA:722,13,0,0
BRDA:722,13,1,0
BRF:40
BRH:0
end_of_record
TN:
SF:src\handlers\DiscoveryHandlers.ts
FN:7,(anonymous_7)
FN:86,(anonymous_8)
FN:107,(anonymous_10)
FN:132,(anonymous_12)
FN:157,(anonymous_14)
FN:182,(anonymous_16)
FN:207,(anonymous_18)
FN:232,(anonymous_20)
FN:257,(anonymous_22)
FNF:9
FNH:0
FNDA:0,(anonymous_7)
FNDA:0,(anonymous_8)
FNDA:0,(anonymous_10)
FNDA:0,(anonymous_12)
FNDA:0,(anonymous_14)
FNDA:0,(anonymous_16)
FNDA:0,(anonymous_18)
FNDA:0,(anonymous_20)
FNDA:0,(anonymous_22)
DA:1,1
DA:2,1
DA:6,1
DA:8,0
DA:87,0
DA:89,0
DA:91,0
DA:93,0
DA:95,0
DA:97,0
DA:99,0
DA:101,0
DA:103,0
DA:108,0
DA:109,0
DA:110,0
DA:111,0
DA:112,0
DA:124,0
DA:125,0
DA:133,0
DA:134,0
DA:135,0
DA:136,0
DA:137,0
DA:149,0
DA:150,0
DA:158,0
DA:159,0
DA:160,0
DA:161,0
DA:162,0
DA:174,0
DA:175,0
DA:183,0
DA:184,0
DA:185,0
DA:186,0
DA:187,0
DA:199,0
DA:200,0
DA:208,0
DA:209,0
DA:210,0
DA:211,0
DA:212,0
DA:224,0
DA:225,0
DA:233,0
DA:234,0
DA:235,0
DA:236,0
DA:237,0
DA:249,0
DA:250,0
DA:258,0
DA:259,0
DA:260,0
DA:261,0
DA:262,0
DA:274,0
DA:275,0
LF:62
LH:3
BRDA:87,0,0,0
BRDA:87,0,1,0
BRDA:87,0,2,0
BRDA:87,0,3,0
BRDA:87,0,4,0
BRDA:87,0,5,0
BRDA:87,0,6,0
BRDA:87,0,7,0
BRDA:127,1,0,0
BRDA:127,1,1,0
BRDA:152,2,0,0
BRDA:152,2,1,0
BRDA:177,3,0,0
BRDA:177,3,1,0
BRDA:202,4,0,0
BRDA:202,4,1,0
BRDA:227,5,0,0
BRDA:227,5,1,0
BRDA:252,6,0,0
BRDA:252,6,1,0
BRDA:277,7,0,0
BRDA:277,7,1,0
BRF:22
BRH:0
end_of_record
TN:
SF:src\handlers\FeedHandlers.ts
FN:7,(anonymous_7)
FN:34,(anonymous_8)
FN:45,(anonymous_10)
FN:70,(anonymous_12)
FNF:4
FNH:0
FNDA:0,(anonymous_7)
FNDA:0,(anonymous_8)
FNDA:0,(anonymous_10)
FNDA:0,(anonymous_12)
DA:1,1
DA:2,1
DA:6,1
DA:8,0
DA:35,0
DA:37,0
DA:39,0
DA:41,0
DA:46,0
DA:47,0
DA:48,0
DA:49,0
DA:50,0
DA:62,0
DA:63,0
DA:71,0
DA:72,0
DA:73,0
DA:74,0
DA:75,0
DA:87,0
DA:88,0
LF:22
LH:3
BRDA:35,0,0,0
BRDA:35,0,1,0
BRDA:35,0,2,0
BRDA:65,1,0,0
BRDA:65,1,1,0
BRDA:90,2,0,0
BRDA:90,2,1,0
BRF:7
BRH:0
end_of_record
TN:
SF:src\handlers\GitHandlers.ts
FN:7,(anonymous_7)
FN:263,(anonymous_8)
FN:290,(anonymous_10)
FN:315,(anonymous_12)
FN:344,(anonymous_14)
FN:376,(anonymous_16)
FN:407,(anonymous_18)
FN:432,(anonymous_20)
FN:461,(anonymous_22)
FN:491,(anonymous_24)
FN:520,(anonymous_26)
FN:549,(anonymous_28)
FNF:12
FNH:0
FNDA:0,(anonymous_7)
FNDA:0,(anonymous_8)
FNDA:0,(anonymous_10)
FNDA:0,(anonymous_12)
FNDA:0,(anonymous_14)
FNDA:0,(anonymous_16)
FNDA:0,(anonymous_18)
FNDA:0,(anonymous_20)
FNDA:0,(anonymous_22)
FNDA:0,(anonymous_24)
FNDA:0,(anonymous_26)
FNDA:0,(anonymous_28)
DA:1,1
DA:2,1
DA:6,1
DA:8,0
DA:264,0
DA:266,0
DA:268,0
DA:270,0
DA:272,0
DA:274,0
DA:276,0
DA:278,0
DA:280,0
DA:282,0
DA:284,0
DA:286,0
DA:291,0
DA:292,0
DA:293,0
DA:294,0
DA:295,0
DA:307,0
DA:308,0
DA:316,0
DA:317,0
DA:318,0
DA:323,0
DA:324,0
DA:336,0
DA:337,0
DA:345,0
DA:346,0
DA:347,0
DA:355,0
DA:356,0
DA:368,0
DA:369,0
DA:377,0
DA:378,0
DA:379,0
DA:386,0
DA:387,0
DA:399,0
DA:400,0
DA:408,0
DA:409,0
DA:410,0
DA:411,0
DA:412,0
DA:424,0
DA:425,0
DA:433,0
DA:434,0
DA:435,0
DA:440,0
DA:441,0
DA:453,0
DA:454,0
DA:462,0
DA:463,0
DA:464,0
DA:470,0
DA:471,0
DA:483,0
DA:484,0
DA:492,0
DA:493,0
DA:494,0
DA:499,0
DA:500,0
DA:512,0
DA:513,0
DA:521,0
DA:522,0
DA:523,0
DA:528,0
DA:529,0
DA:541,0
DA:542,0
DA:550,0
DA:551,0
DA:552,0
DA:559,0
DA:560,0
DA:572,0
DA:573,0
LF:86
LH:3
BRDA:264,0,0,0
BRDA:264,0,1,0
BRDA:264,0,2,0
BRDA:264,0,3,0
BRDA:264,0,4,0
BRDA:264,0,5,0
BRDA:264,0,6,0
BRDA:264,0,7,0
BRDA:264,0,8,0
BRDA:264,0,9,0
BRDA:264,0,10,0
BRDA:310,1,0,0
BRDA:310,1,1,0
BRDA:339,2,0,0
BRDA:339,2,1,0
BRDA:371,3,0,0
BRDA:371,3,1,0
BRDA:402,4,0,0
BRDA:402,4,1,0
BRDA:427,5,0,0
BRDA:427,5,1,0
BRDA:456,6,0,0
BRDA:456,6,1,0
BRDA:486,7,0,0
BRDA:486,7,1,0
BRDA:515,8,0,0
BRDA:515,8,1,0
BRDA:544,9,0,0
BRDA:544,9,1,0
BRDA:575,10,0,0
BRDA:575,10,1,0
BRF:31
BRH:0
end_of_record
TN:
SF:src\handlers\NodeHandlers.ts
FN:7,(anonymous_7)
FN:65,(anonymous_8)
FN:76,(anonymous_10)
FN:108,(anonymous_12)
FNF:4
FNH:0
FNDA:0,(anonymous_7)
FNDA:0,(anonymous_8)
FNDA:0,(anonymous_10)
FNDA:0,(anonymous_12)
DA:1,1
DA:2,1
DA:6,1
DA:8,0
DA:66,0
DA:68,0
DA:70,0
DA:72,0
DA:77,0
DA:78,0
DA:79,0
DA:87,0
DA:88,0
DA:100,0
DA:101,0
DA:109,0
DA:110,0
DA:111,0
DA:112,0
DA:113,0
DA:125,0
DA:126,0
LF:22
LH:3
BRDA:66,0,0,0
BRDA:66,0,1,0
BRDA:66,0,2,0
BRDA:103,1,0,0
BRDA:103,1,1,0
BRDA:128,2,0,0
BRDA:128,2,1,0
BRF:7
BRH:0
end_of_record
TN:
SF:src\handlers\ObjectDeletionHandlers.ts
FN:7,(anonymous_7)
FN:35,(anonymous_8)
FN:44,(anonymous_10)
FNF:3
FNH:0
FNDA:0,(anonymous_7)
FNDA:0,(anonymous_8)
FNDA:0,(anonymous_10)
DA:1,1
DA:2,1
DA:6,1
DA:8,0
DA:36,0
DA:38,0
DA:40,0
DA:45,0
DA:46,0
DA:47,0
DA:52,0
DA:53,0
DA:66,0
DA:67,0
DA:68,0
DA:69,0
LF:16
LH:3
BRDA:36,0,0,0
BRDA:36,0,1,0
BRDA:67,1,0,0
BRDA:67,1,1,0
BRDA:68,2,0,0
BRDA:68,2,1,0
BRDA:68,3,0,0
BRDA:68,3,1,0
BRDA:68,4,0,0
BRDA:68,4,1,0
BRDA:68,5,0,0
BRDA:68,5,1,0
BRDA:68,6,0,0
BRDA:68,6,1,0
BRF:14
BRH:0
end_of_record
TN:
SF:src\handlers\ObjectHandlers.ts
FN:7,(anonymous_7)
FN:85,(anonymous_8)
FN:102,(anonymous_10)
FN:130,(anonymous_12)
FN:158,(anonymous_14)
FN:190,(anonymous_16)
FN:218,(anonymous_18)
FNF:7
FNH:0
FNDA:0,(anonymous_7)
FNDA:0,(anonymous_8)
FNDA:0,(anonymous_10)
FNDA:0,(anonymous_12)
FNDA:0,(anonymous_14)
FNDA:0,(anonymous_16)
FNDA:0,(anonymous_18)
DA:1,1
DA:2,1
DA:6,1
DA:8,0
DA:86,0
DA:88,0
DA:90,0
DA:92,0
DA:94,0
DA:96,0
DA:98,0
DA:103,0
DA:104,0
DA:105,0
DA:106,0
DA:107,0
DA:120,0
DA:121,0
DA:122,0
DA:123,0
DA:131,0
DA:132,0
DA:133,0
DA:134,0
DA:135,0
DA:148,0
DA:149,0
DA:150,0
DA:151,0
DA:159,0
DA:160,0
DA:161,0
DA:166,0
DA:167,0
DA:180,0
DA:181,0
DA:182,0
DA:183,0
DA:191,0
DA:192,0
DA:193,0
DA:194,0
DA:195,0
DA:208,0
DA:209,0
DA:210,0
DA:211,0
DA:219,0
DA:220,0
DA:221,0
DA:222,0
DA:223,0
DA:236,0
DA:237,0
DA:238,0
DA:239,0
LF:56
LH:3
BRDA:86,0,0,0
BRDA:86,0,1,0
BRDA:86,0,2,0
BRDA:86,0,3,0
BRDA:86,0,4,0
BRDA:86,0,5,0
BRDA:121,1,0,0
BRDA:121,1,1,0
BRDA:122,2,0,0
BRDA:122,2,1,0
BRDA:122,3,0,0
BRDA:122,3,1,0
BRDA:122,4,0,0
BRDA:122,4,1,0
BRDA:122,5,0,0
BRDA:122,5,1,0
BRDA:122,6,0,0
BRDA:122,6,1,0
BRDA:149,7,0,0
BRDA:149,7,1,0
BRDA:150,8,0,0
BRDA:150,8,1,0
BRDA:150,9,0,0
BRDA:150,9,1,0
BRDA:150,10,0,0
BRDA:150,10,1,0
BRDA:150,11,0,0
BRDA:150,11,1,0
BRDA:150,12,0,0
BRDA:150,12,1,0
BRDA:181,13,0,0
BRDA:181,13,1,0
BRDA:182,14,0,0
BRDA:182,14,1,0
BRDA:182,15,0,0
BRDA:182,15,1,0
BRDA:182,16,0,0
BRDA:182,16,1,0
BRDA:182,17,0,0
BRDA:182,17,1,0
BRDA:182,18,0,0
BRDA:182,18,1,0
BRDA:209,19,0,0
BRDA:209,19,1,0
BRDA:210,20,0,0
BRDA:210,20,1,0
BRDA:210,21,0,0
BRDA:210,21,1,0
BRDA:210,22,0,0
BRDA:210,22,1,0
BRDA:210,23,0,0
BRDA:210,23,1,0
BRDA:210,24,0,0
BRDA:210,24,1,0
BRDA:237,25,0,0
BRDA:237,25,1,0
BRDA:238,26,0,0
BRDA:238,26,1,0
BRDA:238,27,0,0
BRDA:238,27,1,0
BRDA:238,28,0,0
BRDA:238,28,1,0
BRDA:238,29,0,0
BRDA:238,29,1,0
BRDA:238,30,0,0
BRDA:238,30,1,0
BRF:66
BRH:0
end_of_record
TN:
SF:src\handlers\ObjectLockHandlers.ts
FN:7,(anonymous_7)
FN:45,(anonymous_8)
FN:56,(anonymous_10)
FN:82,(anonymous_12)
FNF:4
FNH:0
FNDA:0,(anonymous_7)
FNDA:0,(anonymous_8)
FNDA:0,(anonymous_10)
FNDA:0,(anonymous_12)
DA:1,1
DA:2,1
DA:6,1
DA:8,0
DA:46,0
DA:48,0
DA:50,0
DA:52,0
DA:57,0
DA:58,0
DA:59,0
DA:60,0
DA:61,0
DA:74,0
DA:75,0
DA:83,0
DA:84,0
DA:85,0
DA:86,0
DA:87,0
DA:99,0
DA:100,0
LF:22
LH:3
BRDA:46,0,0,0
BRDA:46,0,1,0
BRDA:46,0,2,0
BRDA:77,1,0,0
BRDA:77,1,1,0
BRDA:102,2,0,0
BRDA:102,2,1,0
BRF:7
BRH:0
end_of_record
TN:
SF:src\handlers\ObjectManagementHandlers.ts
FN:44,(anonymous_7)
FN:104,(anonymous_8)
FN:117,(anonymous_10)
FN:132,(anonymous_12)
FN:147,(anonymous_14)
FNF:5
FNH:0
FNDA:0,(anonymous_7)
FNDA:0,(anonymous_8)
FNDA:0,(anonymous_10)
FNDA:0,(anonymous_12)
FNDA:0,(anonymous_14)
DA:1,1
DA:2,1
DA:43,1
DA:45,0
DA:105,0
DA:107,0
DA:109,0
DA:111,0
DA:113,0
DA:118,0
DA:119,0
DA:120,0
DA:121,0
DA:122,0
DA:124,0
DA:125,0
DA:133,0
DA:134,0
DA:135,0
DA:136,0
DA:137,0
DA:139,0
DA:140,0
DA:148,0
DA:149,0
DA:150,0
DA:151,0
DA:152,0
DA:154,0
DA:155,0
LF:30
LH:3
BRDA:105,0,0,0
BRDA:105,0,1,0
BRDA:105,0,2,0
BRDA:105,0,3,0
BRDA:127,1,0,0
BRDA:127,1,1,0
BRDA:142,2,0,0
BRDA:142,2,1,0
BRDA:157,3,0,0
BRDA:157,3,1,0
BRF:10
BRH:0
end_of_record
TN:
SF:src\handlers\ObjectRegistrationHandlers.ts
FN:7,(anonymous_7)
FN:51,(anonymous_8)
FN:64,(anonymous_10)
FN:87,(anonymous_12)
FN:110,(anonymous_14)
FNF:5
FNH:0
FNDA:0,(anonymous_7)
FNDA:0,(anonymous_8)
FNDA:0,(anonymous_10)
FNDA:0,(anonymous_12)
FNDA:0,(anonymous_14)
DA:1,1
DA:2,1
DA:6,1
DA:8,0
DA:52,0
DA:54,0
DA:56,0
DA:58,0
DA:60,0
DA:65,0
DA:66,0
DA:67,0
DA:68,0
DA:69,0
DA:79,0
DA:80,0
DA:88,0
DA:89,0
DA:90,0
DA:91,0
DA:92,0
DA:102,0
DA:103,0
DA:111,0
DA:112,0
DA:113,0
DA:122,0
DA:123,0
DA:133,0
DA:134,0
LF:30
LH:3
BRDA:52,0,0,0
BRDA:52,0,1,0
BRDA:52,0,2,0
BRDA:52,0,3,0
BRDA:82,1,0,0
BRDA:82,1,1,0
BRDA:105,2,0,0
BRDA:105,2,1,0
BRDA:136,3,0,0
BRDA:136,3,1,0
BRF:10
BRH:0
end_of_record
TN:
SF:src\handlers\ObjectSourceHandlers.ts
FN:7,(anonymous_7)
FN:38,(anonymous_8)
FN:49,(anonymous_10)
FN:75,(anonymous_12)
FNF:4
FNH:0
FNDA:0,(anonymous_7)
FNDA:0,(anonymous_8)
FNDA:0,(anonymous_10)
FNDA:0,(anonymous_12)
DA:1,1
DA:2,1
DA:6,1
DA:8,0
DA:39,0
DA:41,0
DA:43,0
DA:45,0
DA:51,0
DA:52,0
DA:53,0
DA:54,0
DA:55,0
DA:67,0
DA:68,0
DA:76,0
DA:77,0
DA:78,0
DA:84,0
DA:85,0
DA:97,0
DA:98,0
LF:22
LH:3
BRDA:39,0,0,0
BRDA:39,0,1,0
BRDA:39,0,2,0
BRDA:70,1,0,0
BRDA:70,1,1,0
BRDA:100,2,0,0
BRDA:100,2,1,0
BRF:7
BRH:0
end_of_record
TN:
SF:src\handlers\PrettyPrinterHandlers.ts
FN:7,(anonymous_7)
FN:52,(anonymous_8)
FN:65,(anonymous_10)
FN:90,(anonymous_12)
FN:115,(anonymous_14)
FNF:5
FNH:0
FNDA:0,(anonymous_7)
FNDA:0,(anonymous_8)
FNDA:0,(anonymous_10)
FNDA:0,(anonymous_12)
FNDA:0,(anonymous_14)
DA:1,1
DA:2,1
DA:6,1
DA:8,0
DA:53,0
DA:55,0
DA:57,0
DA:59,0
DA:61,0
DA:66,0
DA:67,0
DA:68,0
DA:69,0
DA:70,0
DA:82,0
DA:83,0
DA:91,0
DA:92,0
DA:93,0
DA:94,0
DA:95,0
DA:107,0
DA:108,0
DA:116,0
DA:117,0
DA:118,0
DA:119,0
DA:120,0
DA:132,0
DA:133,0
LF:30
LH:3
BRDA:53,0,0,0
BRDA:53,0,1,0
BRDA:53,0,2,0
BRDA:53,0,3,0
BRDA:85,1,0,0
BRDA:85,1,1,0
BRDA:110,2,0,0
BRDA:110,2,1,0
BRDA:135,3,0,0
BRDA:135,3,1,0
BRF:10
BRH:0
end_of_record
TN:
SF:src\handlers\QueryHandlers.ts
FN:7,(anonymous_7)
FN:65,(anonymous_8)
FN:76,(anonymous_10)
FN:103,(anonymous_12)
FNF:4
FNH:0
FNDA:0,(anonymous_7)
FNDA:0,(anonymous_8)
FNDA:0,(anonymous_10)
FNDA:0,(anonymous_12)
DA:2,1
DA:6,1
DA:8,0
DA:66,0
DA:68,0
DA:70,0
DA:72,0
DA:77,0
DA:78,0
DA:79,0
DA:85,0
DA:86,0
DA:98,0
DA:99,0
DA:104,0
DA:105,0
DA:106,0
DA:111,0
DA:112,0
DA:124,0
DA:125,0
LF:21
LH:2
BRDA:66,0,0,0
BRDA:66,0,1,0
BRDA:66,0,2,0
BRDA:99,1,0,0
BRDA:99,1,1,0
BRDA:125,2,0,0
BRDA:125,2,1,0
BRF:7
BRH:0
end_of_record
TN:
SF:src\handlers\RefactorHandlers.ts
FN:7,(anonymous_7)
FN:58,(anonymous_8)
FN:71,(anonymous_10)
FN:96,(anonymous_12)
FN:121,(anonymous_14)
FNF:5
FNH:0
FNDA:0,(anonymous_7)
FNDA:0,(anonymous_8)
FNDA:0,(anonymous_10)
FNDA:0,(anonymous_12)
FNDA:0,(anonymous_14)
DA:1,1
DA:2,1
DA:6,1
DA:8,0
DA:59,0
DA:61,0
DA:63,0
DA:65,0
DA:67,0
DA:72,0
DA:73,0
DA:74,0
DA:75,0
DA:76,0
DA:88,0
DA:89,0
DA:97,0
DA:98,0
DA:99,0
DA:100,0
DA:101,0
DA:113,0
DA:114,0
DA:122,0
DA:123,0
DA:124,0
DA:125,0
DA:126,0
DA:138,0
DA:139,0
LF:30
LH:3
BRDA:59,0,0,0
BRDA:59,0,1,0
BRDA:59,0,2,0
BRDA:59,0,3,0
BRDA:91,1,0,0
BRDA:91,1,1,0
BRDA:116,2,0,0
BRDA:116,2,1,0
BRDA:141,3,0,0
BRDA:141,3,1,0
BRF:10
BRH:0
end_of_record
TN:
SF:src\handlers\RenameHandlers.ts
FN:7,(anonymous_7)
FN:71,(anonymous_8)
FN:84,(anonymous_10)
FN:114,(anonymous_12)
FN:142,(anonymous_14)
FNF:5
FNH:0
FNDA:0,(anonymous_7)
FNDA:0,(anonymous_8)
FNDA:0,(anonymous_10)
FNDA:0,(anonymous_12)
FNDA:0,(anonymous_14)
DA:1,1
DA:2,1
DA:6,1
DA:8,0
DA:72,0
DA:74,0
DA:76,0
DA:78,0
DA:80,0
DA:85,0
DA:86,0
DA:87,0
DA:93,0
DA:94,0
DA:106,0
DA:107,0
DA:115,0
DA:116,0
DA:117,0
DA:121,0
DA:122,0
DA:134,0
DA:135,0
DA:143,0
DA:144,0
DA:145,0
DA:146,0
DA:147,0
DA:159,0
DA:160,0
LF:30
LH:3
BRDA:72,0,0,0
BRDA:72,0,1,0
BRDA:72,0,2,0
BRDA:72,0,3,0
BRDA:109,1,0,0
BRDA:109,1,1,0
BRDA:137,2,0,0
BRDA:137,2,1,0
BRDA:162,3,0,0
BRDA:162,3,1,0
BRF:10
BRH:0
end_of_record
TN:
SF:src\handlers\RevisionHandlers.ts
FN:7,(anonymous_7)
FN:31,(anonymous_8)
FN:40,(anonymous_10)
FNF:3
FNH:0
FNDA:0,(anonymous_7)
FNDA:0,(anonymous_8)
FNDA:0,(anonymous_10)
DA:1,1
DA:2,1
DA:6,1
DA:8,0
DA:32,0
DA:34,0
DA:36,0
DA:41,0
DA:42,0
DA:43,0
DA:44,0
DA:45,0
DA:57,0
DA:58,0
LF:14
LH:3
BRDA:32,0,0,0
BRDA:32,0,1,0
BRDA:60,1,0,0
BRDA:60,1,1,0
BRF:4
BRH:0
end_of_record
TN:
SF:src\handlers\ServiceBindingHandlers.ts
FN:7,(anonymous_7)
FN:67,(anonymous_8)
FN:80,(anonymous_10)
FN:105,(anonymous_12)
FN:130,(anonymous_14)
FNF:5
FNH:0
FNDA:0,(anonymous_7)
FNDA:0,(anonymous_8)
FNDA:0,(anonymous_10)
FNDA:0,(anonymous_12)
FNDA:0,(anonymous_14)
DA:1,1
DA:2,1
DA:6,1
DA:8,0
DA:68,0
DA:70,0
DA:72,0
DA:74,0
DA:76,0
DA:81,0
DA:82,0
DA:83,0
DA:84,0
DA:85,0
DA:97,0
DA:98,0
DA:106,0
DA:107,0
DA:108,0
DA:109,0
DA:110,0
DA:122,0
DA:123,0
DA:131,0
DA:132,0
DA:133,0
DA:134,0
DA:135,0
DA:147,0
DA:148,0
LF:30
LH:3
BRDA:68,0,0,0
BRDA:68,0,1,0
BRDA:68,0,2,0
BRDA:68,0,3,0
BRDA:100,1,0,0
BRDA:100,1,1,0
BRDA:125,2,0,0
BRDA:125,2,1,0
BRDA:150,3,0,0
BRDA:150,3,1,0
BRF:10
BRH:0
end_of_record
TN:
SF:src\handlers\TraceHandlers.ts
FN:7,(anonymous_7)
FN:153,(anonymous_8)
FN:178,(anonymous_10)
FN:203,(anonymous_12)
FN:228,(anonymous_14)
FN:253,(anonymous_16)
FN:278,(anonymous_18)
FN:303,(anonymous_20)
FN:328,(anonymous_22)
FN:353,(anonymous_24)
FN:378,(anonymous_26)
FNF:11
FNH:0
FNDA:0,(anonymous_7)
FNDA:0,(anonymous_8)
FNDA:0,(anonymous_10)
FNDA:0,(anonymous_12)
FNDA:0,(anonymous_14)
FNDA:0,(anonymous_16)
FNDA:0,(anonymous_18)
FNDA:0,(anonymous_20)
FNDA:0,(anonymous_22)
FNDA:0,(anonymous_24)
FNDA:0,(anonymous_26)
DA:1,1
DA:2,1
DA:6,1
DA:8,0
DA:154,0
DA:156,0
DA:158,0
DA:160,0
DA:162,0
DA:164,0
DA:166,0
DA:168,0
DA:170,0
DA:172,0
DA:174,0
DA:179,0
DA:180,0
DA:181,0
DA:182,0
DA:183,0
DA:195,0
DA:196,0
DA:204,0
DA:205,0
DA:206,0
DA:207,0
DA:208,0
DA:220,0
DA:221,0
DA:229,0
DA:230,0
DA:231,0
DA:232,0
DA:233,0
DA:245,0
DA:246,0
DA:254,0
DA:255,0
DA:256,0
DA:257,0
DA:258,0
DA:270,0
DA:271,0
DA:279,0
DA:280,0
DA:281,0
DA:282,0
DA:283,0
DA:295,0
DA:296,0
DA:304,0
DA:305,0
DA:306,0
DA:307,0
DA:308,0
DA:320,0
DA:321,0
DA:329,0
DA:330,0
DA:331,0
DA:332,0
DA:333,0
DA:345,0
DA:346,0
DA:354,0
DA:355,0
DA:356,0
DA:357,0
DA:358,0
DA:370,0
DA:371,0
DA:379,0
DA:380,0
DA:381,0
DA:382,0
DA:383,0
DA:395,0
DA:396,0
LF:78
LH:3
BRDA:154,0,0,0
BRDA:154,0,1,0
BRDA:154,0,2,0
BRDA:154,0,3,0
BRDA:154,0,4,0
BRDA:154,0,5,0
BRDA:154,0,6,0
BRDA:154,0,7,0
BRDA:154,0,8,0
BRDA:154,0,9,0
BRDA:198,1,0,0
BRDA:198,1,1,0
BRDA:223,2,0,0
BRDA:223,2,1,0
BRDA:248,3,0,0
BRDA:248,3,1,0
BRDA:273,4,0,0
BRDA:273,4,1,0
BRDA:298,5,0,0
BRDA:298,5,1,0
BRDA:323,6,0,0
BRDA:323,6,1,0
BRDA:348,7,0,0
BRDA:348,7,1,0
BRDA:373,8,0,0
BRDA:373,8,1,0
BRDA:398,9,0,0
BRDA:398,9,1,0
BRF:28
BRH:0
end_of_record
TN:
SF:src\handlers\TransportHandlers.ts
FN:7,(anonymous_7)
FN:270,(anonymous_8)
FN:307,(anonymous_10)
FN:336,(anonymous_12)
FN:367,(anonymous_14)
FN:392,(anonymous_16)
FN:417,(anonymous_18)
FN:442,(anonymous_20)
FN:467,(anonymous_22)
FN:492,(anonymous_24)
FN:517,(anonymous_26)
FN:542,(anonymous_28)
FN:567,(anonymous_30)
FN:592,(anonymous_32)
FN:617,(anonymous_34)
FN:642,(anonymous_36)
FN:667,(anonymous_38)
FNF:17
FNH:0
FNDA:0,(anonymous_7)
FNDA:0,(anonymous_8)
FNDA:0,(anonymous_10)
FNDA:0,(anonymous_12)
FNDA:0,(anonymous_14)
FNDA:0,(anonymous_16)
FNDA:0,(anonymous_18)
FNDA:0,(anonymous_20)
FNDA:0,(anonymous_22)
FNDA:0,(anonymous_24)
FNDA:0,(anonymous_26)
FNDA:0,(anonymous_28)
FNDA:0,(anonymous_30)
FNDA:0,(anonymous_32)
FNDA:0,(anonymous_34)
FNDA:0,(anonymous_36)
FNDA:0,(anonymous_38)
DA:1,1
DA:2,1
DA:6,1
DA:8,0
DA:271,0
DA:273,0
DA:275,0
DA:277,0
DA:279,0
DA:281,0
DA:283,0
DA:285,0
DA:287,0
DA:289,0
DA:291,0
DA:293,0
DA:295,0
DA:297,0
DA:299,0
DA:301,0
DA:303,0
DA:308,0
DA:309,0
DA:310,0
DA:315,0
DA:316,0
DA:328,0
DA:329,0
DA:337,0
DA:338,0
DA:339,0
DA:345,0
DA:346,0
DA:359,0
DA:360,0
DA:368,0
DA:369,0
DA:370,0
DA:371,0
DA:372,0
DA:384,0
DA:385,0
DA:393,0
DA:394,0
DA:395,0
DA:396,0
DA:397,0
DA:409,0
DA:410,0
DA:418,0
DA:419,0
DA:420,0
DA:421,0
DA:422,0
DA:434,0
DA:435,0
DA:443,0
DA:444,0
DA:445,0
DA:446,0
DA:447,0
DA:459,0
DA:460,0
DA:468,0
DA:469,0
DA:470,0
DA:471,0
DA:472,0
DA:484,0
DA:485,0
DA:493,0
DA:494,0
DA:495,0
DA:496,0
DA:497,0
DA:509,0
DA:510,0
DA:518,0
DA:519,0
DA:520,0
DA:521,0
DA:522,0
DA:534,0
DA:535,0
DA:543,0
DA:544,0
DA:545,0
DA:546,0
DA:547,0
DA:559,0
DA:560,0
DA:568,0
DA:569,0
DA:570,0
DA:571,0
DA:572,0
DA:584,0
DA:585,0
DA:593,0
DA:594,0
DA:595,0
DA:596,0
DA:597,0
DA:609,0
DA:610,0
DA:618,0
DA:619,0
DA:620,0
DA:621,0
DA:622,0
DA:634,0
DA:635,0
DA:643,0
DA:644,0
DA:645,0
DA:646,0
DA:647,0
DA:659,0
DA:660,0
DA:668,0
DA:669,0
DA:670,0
DA:671,0
DA:672,0
DA:684,0
DA:685,0
LF:126
LH:3
BRDA:271,0,0,0
BRDA:271,0,1,0
BRDA:271,0,2,0
BRDA:271,0,3,0
BRDA:271,0,4,0
BRDA:271,0,5,0
BRDA:271,0,6,0
BRDA:271,0,7,0
BRDA:271,0,8,0
BRDA:271,0,9,0
BRDA:271,0,10,0
BRDA:271,0,11,0
BRDA:271,0,12,0
BRDA:271,0,13,0
BRDA:271,0,14,0
BRDA:271,0,15,0
BRDA:331,1,0,0
BRDA:331,1,1,0
BRDA:362,2,0,0
BRDA:362,2,1,0
BRDA:387,3,0,0
BRDA:387,3,1,0
BRDA:412,4,0,0
BRDA:412,4,1,0
BRDA:437,5,0,0
BRDA:437,5,1,0
BRDA:462,6,0,0
BRDA:462,6,1,0
BRDA:487,7,0,0
BRDA:487,7,1,0
BRDA:512,8,0,0
BRDA:512,8,1,0
BRDA:537,9,0,0
BRDA:537,9,1,0
BRDA:562,10,0,0
BRDA:562,10,1,0
BRDA:587,11,0,0
BRDA:587,11,1,0
BRDA:612,12,0,0
BRDA:612,12,1,0
BRDA:637,13,0,0
BRDA:637,13,1,0
BRDA:662,14,0,0
BRDA:662,14,1,0
BRDA:687,15,0,0
BRDA:687,15,1,0
BRF:46
BRH:0
end_of_record
TN:
SF:src\handlers\UnitTestHandlers.ts
FN:7,(anonymous_7)
FN:91,(anonymous_8)
FN:106,(anonymous_10)
FN:131,(anonymous_12)
FN:156,(anonymous_14)
FN:181,(anonymous_16)
FNF:6
FNH:0
FNDA:0,(anonymous_7)
FNDA:0,(anonymous_8)
FNDA:0,(anonymous_10)
FNDA:0,(anonymous_12)
FNDA:0,(anonymous_14)
FNDA:0,(anonymous_16)
DA:1,1
DA:2,1
DA:6,1
DA:8,0
DA:92,0
DA:94,0
DA:96,0
DA:98,0
DA:100,0
DA:102,0
DA:107,0
DA:108,0
DA:109,0
DA:110,0
DA:111,0
DA:123,0
DA:124,0
DA:132,0
DA:133,0
DA:134,0
DA:135,0
DA:136,0
DA:148,0
DA:149,0
DA:157,0
DA:158,0
DA:159,0
DA:160,0
DA:161,0
DA:173,0
DA:174,0
DA:182,0
DA:183,0
DA:184,0
DA:185,0
DA:186,0
DA:199,0
DA:200,0
LF:38
LH:3
BRDA:92,0,0,0
BRDA:92,0,1,0
BRDA:92,0,2,0
BRDA:92,0,3,0
BRDA:92,0,4,0
BRDA:126,1,0,0
BRDA:126,1,1,0
BRDA:151,2,0,0
BRDA:151,2,1,0
BRDA:176,3,0,0
BRDA:176,3,1,0
BRDA:202,4,0,0
BRDA:202,4,1,0
BRF:13
BRH:0
end_of_record
TN:
SF:src\lib\logger.ts
FN:3,createLogger
FN:5,(anonymous_1)
FN:7,(anonymous_2)
FN:9,(anonymous_3)
FN:11,(anonymous_4)
FN:16,log
FNF:6
FNH:3
FNDA:11,createLogger
FNDA:0,(anonymous_1)
FNDA:0,(anonymous_2)
FNDA:9,(anonymous_3)
FNDA:0,(anonymous_4)
FNDA:9,log
DA:3,2
DA:4,11
DA:6,0
DA:8,0
DA:10,9
DA:12,0
DA:17,9
DA:18,9
DA:26,9
DA:28,9
DA:30,0
DA:31,0
DA:33,0
DA:34,0
DA:36,9
DA:37,9
DA:39,0
DA:40,0
LF:18
LH:9
BRDA:28,0,0,0
BRDA:28,0,1,0
BRDA:28,0,2,9
BRDA:28,0,3,0
BRF:4
BRH:1
end_of_record
